#
# There is insufficient memory for the Java Runtime Environment to continue.
# Native memory allocation (malloc) failed to allocate 1452896 bytes for Chunk::new
# Possible reasons:
#   The system is out of physical RAM or swap space
#   The process is running with CompressedOops enabled, and the Java Heap may be blocking the growth of the native heap
# Possible solutions:
#   Reduce memory load on the system
#   Increase physical memory or swap space
#   Check if swap backing store is full
#   Decrease Java heap size (-Xmx/-Xms)
#   Decrease number of Java threads
#   Decrease Java thread stack sizes (-Xss)
#   Set larger code cache with -XX:ReservedCodeCacheSize=
#   JVM is running with Zero Based Compressed Oops mode in which the Java heap is
#     placed in the first 32GB address space. The Java Heap base address is the
#     maximum limit for the native heap growth. Please use -XX:HeapBaseMinAddress
#     to set the Java Heap base and to place the Java Heap above 32GB virtual address.
# This output file may be truncated or incomplete.
#
#  Out of Memory Error (arena.cpp:184), pid=1328, tid=17400
#
# JRE version: OpenJDK Runtime Environment (18.0.1.1+2) (build 18.0.1.1+2-6)
# Java VM: OpenJDK 64-Bit Server VM (18.0.1.1+2-6, mixed mode, sharing, tiered, compressed oops, compressed class ptrs, g1 gc, windows-amd64)
# No core dump will be written. Minidumps are not enabled by default on client versions of Windows
#

---------------  S U M M A R Y ------------

Command Line: -agentlib:jdwp=transport=dt_socket,address=127.0.0.1:64453,suspend=y,server=n -javaagent:C:\Users\Админ\AppData\Local\JetBrains\IdeaIC2022.1\captureAgent\debugger-agent.jar -Dfile.encoding=UTF-8 com.project.demoSpringDiary.DemoSpringDiaryApplication

Host: Intel(R) Core(TM) i7-7500U CPU @ 2.70GHz, 4 cores, 15G,  Windows 10 , 64 bit Build 19041 (10.0.19041.1806)
Time: Sun Aug  7 14:31:55 2022  Windows 10 , 64 bit Build 19041 (10.0.19041.1806) elapsed time: 2.403577 seconds (0d 0h 0m 2s)

---------------  T H R E A D  ---------------

Current thread (0x000002aecd1d6f90):  JavaThread "C2 CompilerThread1" daemon [_thread_in_native, id=17400, stack(0x000000e210d00000,0x000000e210e00000)]


Current CompileTask:
C2:   2403 2150   !   4       java.net.URL::<init> (543 bytes)

Stack: [0x000000e210d00000,0x000000e210e00000]
Native frames: (J=compiled Java code, j=interpreted, Vv=VM code, C=native code)
V  [jvm.dll+0x69887a]
V  [jvm.dll+0x7f38bd]
V  [jvm.dll+0x7f51ce]
V  [jvm.dll+0x7f5883]
V  [jvm.dll+0x25ca3f]
V  [jvm.dll+0xb8c2f]
V  [jvm.dll+0xb8fa5]
V  [jvm.dll+0x385a6b]
V  [jvm.dll+0x1d29a8]
V  [jvm.dll+0x22fd79]
V  [jvm.dll+0x22eff1]
V  [jvm.dll+0x1b9cfc]
V  [jvm.dll+0x23e8ca]
V  [jvm.dll+0x23cbb5]
V  [jvm.dll+0x7a5fb1]
V  [jvm.dll+0x7a03ea]
V  [jvm.dll+0x697725]
C  [ucrtbase.dll+0x21bb2]
C  [KERNEL32.DLL+0x17034]
C  [ntdll.dll+0x52651]


---------------  P R O C E S S  ---------------

Threads class SMR info:
_java_thread_list=0x000002aecce93aa0, length=16, elements={
0x000002ae9c06e6e0, 0x000002aec0479800, 0x000002aec047a070, 0x000002aec0497580,
0x000002aec0497a40, 0x000002aec049a000, 0x000002aec04a2700, 0x000002aec04ab500,
0x000002aec04abaf0, 0x000002aec04be0d0, 0x000002aec0465150, 0x000002aec4938220,
0x000002aec4961320, 0x000002aec4965990, 0x000002aec49607f0, 0x000002aecd1d6f90
}

Java Threads: ( => current thread )
  0x000002ae9c06e6e0 JavaThread "main" [_thread_in_native, id=27392, stack(0x000000e20f400000,0x000000e20f500000)]
  0x000002aec0479800 JavaThread "Reference Handler" daemon [_thread_blocked, id=21156, stack(0x000000e20fb00000,0x000000e20fc00000)]
  0x000002aec047a070 JavaThread "Finalizer" daemon [_thread_blocked, id=10884, stack(0x000000e20fc00000,0x000000e20fd00000)]
  0x000002aec0497580 JavaThread "Signal Dispatcher" daemon [_thread_blocked, id=25344, stack(0x000000e20fd00000,0x000000e20fe00000)]
  0x000002aec0497a40 JavaThread "Attach Listener" daemon [_thread_blocked, id=25872, stack(0x000000e20fe00000,0x000000e20ff00000)]
  0x000002aec049a000 JavaThread "Service Thread" daemon [_thread_blocked, id=20360, stack(0x000000e20ff00000,0x000000e210000000)]
  0x000002aec04a2700 JavaThread "Monitor Deflation Thread" daemon [_thread_blocked, id=15396, stack(0x000000e210000000,0x000000e210100000)]
  0x000002aec04ab500 JavaThread "C2 CompilerThread0" daemon [_thread_in_native, id=20740, stack(0x000000e210100000,0x000000e210200000)]
  0x000002aec04abaf0 JavaThread "C1 CompilerThread0" daemon [_thread_in_native, id=22360, stack(0x000000e210200000,0x000000e210300000)]
  0x000002aec04be0d0 JavaThread "Sweeper thread" daemon [_thread_blocked, id=17608, stack(0x000000e210300000,0x000000e210400000)]
  0x000002aec0465150 JavaThread "Common-Cleaner" daemon [_thread_blocked, id=22596, stack(0x000000e210400000,0x000000e210500000)]
  0x000002aec4938220 JavaThread "JDWP Transport Listener: dt_socket" daemon [_thread_blocked, id=21916, stack(0x000000e210500000,0x000000e210600000)]
  0x000002aec4961320 JavaThread "JDWP Event Helper Thread" daemon [_thread_blocked, id=6460, stack(0x000000e210600000,0x000000e210700000)]
  0x000002aec4965990 JavaThread "JDWP Command Reader" daemon [_thread_in_native, id=22964, stack(0x000000e210700000,0x000000e210800000)]
  0x000002aec49607f0 JavaThread "Notification Thread" daemon [_thread_blocked, id=27612, stack(0x000000e210800000,0x000000e210900000)]
=>0x000002aecd1d6f90 JavaThread "C2 CompilerThread1" daemon [_thread_in_native, id=17400, stack(0x000000e210d00000,0x000000e210e00000)]

Other Threads:
  0x000002ae9c0f9fe0 VMThread "VM Thread" [stack: 0x000000e20fa00000,0x000000e20fb00000] [id=25012]
  0x000002aec4960cb0 WatcherThread "VM Periodic Task Thread" [stack: 0x000000e210900000,0x000000e210a00000] [id=26448]
  0x000002ae9c0dadc0 WorkerThread "GC Thread#0" [stack: 0x000000e20f500000,0x000000e20f600000] [id=26708]
  0x000002aec4ebf490 WorkerThread "GC Thread#1" [stack: 0x000000e210a00000,0x000000e210b00000] [id=8372]
  0x000002aec4ebf730 WorkerThread "GC Thread#2" [stack: 0x000000e210b00000,0x000000e210c00000] [id=18812]
  0x000002aec4ed6270 WorkerThread "GC Thread#3" [stack: 0x000000e210c00000,0x000000e210d00000] [id=6748]
  0x000002ae9c0ebb30 ConcurrentGCThread "G1 Main Marker" [stack: 0x000000e20f600000,0x000000e20f700000] [id=11372]
  0x000002ae9c0edcd0 WorkerThread "G1 Conc#0" [stack: 0x000000e20f700000,0x000000e20f800000] [id=12604]
  0x000002ae9c12dd40 ConcurrentGCThread "G1 Refine#0" [stack: 0x000000e20f800000,0x000000e20f900000] [id=4820]
  0x000002aec0336300 ConcurrentGCThread "G1 Service" [stack: 0x000000e20f900000,0x000000e20fa00000] [id=15668]

Threads with active compile tasks:
C2 CompilerThread0     2430 2350       4       java.lang.invoke.MethodType::makeImpl (109 bytes)
C1 CompilerThread0     2430 2407       3       java.io.WinNTFileSystem::normalizePrefix (132 bytes)
C2 CompilerThread1     2430 2150   !   4       java.net.URL::<init> (543 bytes)

VM state: not at safepoint (normal execution)

VM Mutex/Monitor currently owned by a thread:  ([mutex/lock_event])
[0x000002ae9c069f40] MethodCompileQueue_lock - owner thread: 0x000002aec04abaf0
[0x000002ae9c0691c0] CodeCache_lock - owner thread: 0x000002aec04abaf0
[0x000002ae9c069400] Compile_lock - owner thread: 0x000002aec04abaf0

Heap address: 0x0000000701c00000, size: 4068 MB, Compressed Oops mode: Zero based, Oop shift amount: 3

CDS archive(s) mapped at: [0x0000000800000000-0x0000000800b90000-0x0000000800b90000), size 12124160, SharedBaseAddress: 0x0000000800000000, ArchiveRelocationMode: 0.
Compressed class space mapped at: 0x0000000800c00000-0x0000000840c00000, reserved size: 1073741824
Narrow klass base: 0x0000000800000000, Narrow klass shift: 0, Narrow klass range: 0x100000000

GC Precious Log:
 CardTable entry size: 512
 Card Set container configuration: InlinePtr #cards 4 size 8 Array Of Cards #cards 16 size 48 Howl #buckets 8 coarsen threshold 3686 Howl Bitmap #cards 512 size 80 coarsen threshold 460 Card regions per heap region 1 cards per card region 4096
 CPUs: 4 total, 4 available
 Memory: 16265M
 Large Page Support: Disabled
 NUMA Support: Disabled
 Compressed Oops: Enabled (Zero based)
 Heap Region Size: 2M
 Heap Min Capacity: 8M
 Heap Initial Capacity: 256M
 Heap Max Capacity: 4068M
 Pre-touch: Disabled
 Parallel Workers: 4
 Concurrent Workers: 1
 Concurrent Refinement Workers: 4
 Periodic GC: Disabled

Heap:
 garbage-first heap   total 262144K, used 46719K [0x0000000701c00000, 0x0000000800000000)
  region size 2048K, 23 young (47104K), 2 survivors (4096K)
 Metaspace       used 16577K, committed 16896K, reserved 1114112K
  class space    used 1955K, committed 2112K, reserved 1048576K

Heap Regions: E=young(eden), S=young(survivor), O=old, HS=humongous(starts), HC=humongous(continues), CS=collection set, F=free, OA=open archive, CA=closed archive, TAMS=top-at-mark-start (previous, next)
|   0|0x0000000701c00000, 0x0000000701e00000, 0x0000000701e00000|100%| O|  |TAMS 0x0000000701c00000, 0x0000000701c00000| Untracked 
|   1|0x0000000701e00000, 0x0000000702000000, 0x0000000702000000|100%| O|  |TAMS 0x0000000701e00000, 0x0000000701e00000| Untracked 
|   2|0x0000000702000000, 0x0000000702112600, 0x0000000702200000| 53%| O|  |TAMS 0x0000000702000000, 0x0000000702000000| Untracked 
|   3|0x0000000702200000, 0x0000000702200000, 0x0000000702400000|  0%| F|  |TAMS 0x0000000702200000, 0x0000000702200000| Untracked 
|   4|0x0000000702400000, 0x0000000702400000, 0x0000000702600000|  0%| F|  |TAMS 0x0000000702400000, 0x0000000702400000| Untracked 
|   5|0x0000000702600000, 0x0000000702600000, 0x0000000702800000|  0%| F|  |TAMS 0x0000000702600000, 0x0000000702600000| Untracked 
|   6|0x0000000702800000, 0x0000000702800000, 0x0000000702a00000|  0%| F|  |TAMS 0x0000000702800000, 0x0000000702800000| Untracked 
|   7|0x0000000702a00000, 0x0000000702a00000, 0x0000000702c00000|  0%| F|  |TAMS 0x0000000702a00000, 0x0000000702a00000| Untracked 
|   8|0x0000000702c00000, 0x0000000702c00000, 0x0000000702e00000|  0%| F|  |TAMS 0x0000000702c00000, 0x0000000702c00000| Untracked 
|   9|0x0000000702e00000, 0x0000000702e00000, 0x0000000703000000|  0%| F|  |TAMS 0x0000000702e00000, 0x0000000702e00000| Untracked 
|  10|0x0000000703000000, 0x0000000703000000, 0x0000000703200000|  0%| F|  |TAMS 0x0000000703000000, 0x0000000703000000| Untracked 
|  11|0x0000000703200000, 0x0000000703200000, 0x0000000703400000|  0%| F|  |TAMS 0x0000000703200000, 0x0000000703200000| Untracked 
|  12|0x0000000703400000, 0x0000000703400000, 0x0000000703600000|  0%| F|  |TAMS 0x0000000703400000, 0x0000000703400000| Untracked 
|  13|0x0000000703600000, 0x0000000703600000, 0x0000000703800000|  0%| F|  |TAMS 0x0000000703600000, 0x0000000703600000| Untracked 
|  14|0x0000000703800000, 0x0000000703800000, 0x0000000703a00000|  0%| F|  |TAMS 0x0000000703800000, 0x0000000703800000| Untracked 
|  15|0x0000000703a00000, 0x0000000703a00000, 0x0000000703c00000|  0%| F|  |TAMS 0x0000000703a00000, 0x0000000703a00000| Untracked 
|  16|0x0000000703c00000, 0x0000000703c00000, 0x0000000703e00000|  0%| F|  |TAMS 0x0000000703c00000, 0x0000000703c00000| Untracked 
|  17|0x0000000703e00000, 0x0000000703e00000, 0x0000000704000000|  0%| F|  |TAMS 0x0000000703e00000, 0x0000000703e00000| Untracked 
|  18|0x0000000704000000, 0x0000000704000000, 0x0000000704200000|  0%| F|  |TAMS 0x0000000704000000, 0x0000000704000000| Untracked 
|  19|0x0000000704200000, 0x0000000704200000, 0x0000000704400000|  0%| F|  |TAMS 0x0000000704200000, 0x0000000704200000| Untracked 
|  20|0x0000000704400000, 0x0000000704400000, 0x0000000704600000|  0%| F|  |TAMS 0x0000000704400000, 0x0000000704400000| Untracked 
|  21|0x0000000704600000, 0x0000000704600000, 0x0000000704800000|  0%| F|  |TAMS 0x0000000704600000, 0x0000000704600000| Untracked 
|  22|0x0000000704800000, 0x0000000704800000, 0x0000000704a00000|  0%| F|  |TAMS 0x0000000704800000, 0x0000000704800000| Untracked 
|  23|0x0000000704a00000, 0x0000000704a00000, 0x0000000704c00000|  0%| F|  |TAMS 0x0000000704a00000, 0x0000000704a00000| Untracked 
|  24|0x0000000704c00000, 0x0000000704c00000, 0x0000000704e00000|  0%| F|  |TAMS 0x0000000704c00000, 0x0000000704c00000| Untracked 
|  25|0x0000000704e00000, 0x0000000704e00000, 0x0000000705000000|  0%| F|  |TAMS 0x0000000704e00000, 0x0000000704e00000| Untracked 
|  26|0x0000000705000000, 0x0000000705000000, 0x0000000705200000|  0%| F|  |TAMS 0x0000000705000000, 0x0000000705000000| Untracked 
|  27|0x0000000705200000, 0x0000000705200000, 0x0000000705400000|  0%| F|  |TAMS 0x0000000705200000, 0x0000000705200000| Untracked 
|  28|0x0000000705400000, 0x0000000705400000, 0x0000000705600000|  0%| F|  |TAMS 0x0000000705400000, 0x0000000705400000| Untracked 
|  29|0x0000000705600000, 0x0000000705600000, 0x0000000705800000|  0%| F|  |TAMS 0x0000000705600000, 0x0000000705600000| Untracked 
|  30|0x0000000705800000, 0x0000000705800000, 0x0000000705a00000|  0%| F|  |TAMS 0x0000000705800000, 0x0000000705800000| Untracked 
|  31|0x0000000705a00000, 0x0000000705a00000, 0x0000000705c00000|  0%| F|  |TAMS 0x0000000705a00000, 0x0000000705a00000| Untracked 
|  32|0x0000000705c00000, 0x0000000705c00000, 0x0000000705e00000|  0%| F|  |TAMS 0x0000000705c00000, 0x0000000705c00000| Untracked 
|  33|0x0000000705e00000, 0x0000000705e00000, 0x0000000706000000|  0%| F|  |TAMS 0x0000000705e00000, 0x0000000705e00000| Untracked 
|  34|0x0000000706000000, 0x0000000706000000, 0x0000000706200000|  0%| F|  |TAMS 0x0000000706000000, 0x0000000706000000| Untracked 
|  35|0x0000000706200000, 0x0000000706200000, 0x0000000706400000|  0%| F|  |TAMS 0x0000000706200000, 0x0000000706200000| Untracked 
|  36|0x0000000706400000, 0x0000000706400000, 0x0000000706600000|  0%| F|  |TAMS 0x0000000706400000, 0x0000000706400000| Untracked 
|  37|0x0000000706600000, 0x0000000706600000, 0x0000000706800000|  0%| F|  |TAMS 0x0000000706600000, 0x0000000706600000| Untracked 
|  38|0x0000000706800000, 0x0000000706800000, 0x0000000706a00000|  0%| F|  |TAMS 0x0000000706800000, 0x0000000706800000| Untracked 
|  39|0x0000000706a00000, 0x0000000706a00000, 0x0000000706c00000|  0%| F|  |TAMS 0x0000000706a00000, 0x0000000706a00000| Untracked 
|  40|0x0000000706c00000, 0x0000000706c00000, 0x0000000706e00000|  0%| F|  |TAMS 0x0000000706c00000, 0x0000000706c00000| Untracked 
|  41|0x0000000706e00000, 0x0000000706e00000, 0x0000000707000000|  0%| F|  |TAMS 0x0000000706e00000, 0x0000000706e00000| Untracked 
|  42|0x0000000707000000, 0x0000000707000000, 0x0000000707200000|  0%| F|  |TAMS 0x0000000707000000, 0x0000000707000000| Untracked 
|  43|0x0000000707200000, 0x0000000707200000, 0x0000000707400000|  0%| F|  |TAMS 0x0000000707200000, 0x0000000707200000| Untracked 
|  44|0x0000000707400000, 0x0000000707400000, 0x0000000707600000|  0%| F|  |TAMS 0x0000000707400000, 0x0000000707400000| Untracked 
|  45|0x0000000707600000, 0x0000000707600000, 0x0000000707800000|  0%| F|  |TAMS 0x0000000707600000, 0x0000000707600000| Untracked 
|  46|0x0000000707800000, 0x0000000707800000, 0x0000000707a00000|  0%| F|  |TAMS 0x0000000707800000, 0x0000000707800000| Untracked 
|  47|0x0000000707a00000, 0x0000000707a00000, 0x0000000707c00000|  0%| F|  |TAMS 0x0000000707a00000, 0x0000000707a00000| Untracked 
|  48|0x0000000707c00000, 0x0000000707c00000, 0x0000000707e00000|  0%| F|  |TAMS 0x0000000707c00000, 0x0000000707c00000| Untracked 
|  49|0x0000000707e00000, 0x0000000707e00000, 0x0000000708000000|  0%| F|  |TAMS 0x0000000707e00000, 0x0000000707e00000| Untracked 
|  50|0x0000000708000000, 0x0000000708000000, 0x0000000708200000|  0%| F|  |TAMS 0x0000000708000000, 0x0000000708000000| Untracked 
|  51|0x0000000708200000, 0x0000000708200000, 0x0000000708400000|  0%| F|  |TAMS 0x0000000708200000, 0x0000000708200000| Untracked 
|  52|0x0000000708400000, 0x0000000708400000, 0x0000000708600000|  0%| F|  |TAMS 0x0000000708400000, 0x0000000708400000| Untracked 
|  53|0x0000000708600000, 0x0000000708600000, 0x0000000708800000|  0%| F|  |TAMS 0x0000000708600000, 0x0000000708600000| Untracked 
|  54|0x0000000708800000, 0x0000000708800000, 0x0000000708a00000|  0%| F|  |TAMS 0x0000000708800000, 0x0000000708800000| Untracked 
|  55|0x0000000708a00000, 0x0000000708a00000, 0x0000000708c00000|  0%| F|  |TAMS 0x0000000708a00000, 0x0000000708a00000| Untracked 
|  56|0x0000000708c00000, 0x0000000708c00000, 0x0000000708e00000|  0%| F|  |TAMS 0x0000000708c00000, 0x0000000708c00000| Untracked 
|  57|0x0000000708e00000, 0x0000000708e00000, 0x0000000709000000|  0%| F|  |TAMS 0x0000000708e00000, 0x0000000708e00000| Untracked 
|  58|0x0000000709000000, 0x0000000709000000, 0x0000000709200000|  0%| F|  |TAMS 0x0000000709000000, 0x0000000709000000| Untracked 
|  59|0x0000000709200000, 0x0000000709200000, 0x0000000709400000|  0%| F|  |TAMS 0x0000000709200000, 0x0000000709200000| Untracked 
|  60|0x0000000709400000, 0x0000000709400000, 0x0000000709600000|  0%| F|  |TAMS 0x0000000709400000, 0x0000000709400000| Untracked 
|  61|0x0000000709600000, 0x0000000709600000, 0x0000000709800000|  0%| F|  |TAMS 0x0000000709600000, 0x0000000709600000| Untracked 
|  62|0x0000000709800000, 0x0000000709800000, 0x0000000709a00000|  0%| F|  |TAMS 0x0000000709800000, 0x0000000709800000| Untracked 
|  63|0x0000000709a00000, 0x0000000709a00000, 0x0000000709c00000|  0%| F|  |TAMS 0x0000000709a00000, 0x0000000709a00000| Untracked 
|  64|0x0000000709c00000, 0x0000000709c00000, 0x0000000709e00000|  0%| F|  |TAMS 0x0000000709c00000, 0x0000000709c00000| Untracked 
|  65|0x0000000709e00000, 0x0000000709e00000, 0x000000070a000000|  0%| F|  |TAMS 0x0000000709e00000, 0x0000000709e00000| Untracked 
|  66|0x000000070a000000, 0x000000070a000000, 0x000000070a200000|  0%| F|  |TAMS 0x000000070a000000, 0x000000070a000000| Untracked 
|  67|0x000000070a200000, 0x000000070a200000, 0x000000070a400000|  0%| F|  |TAMS 0x000000070a200000, 0x000000070a200000| Untracked 
|  68|0x000000070a400000, 0x000000070a400000, 0x000000070a600000|  0%| F|  |TAMS 0x000000070a400000, 0x000000070a400000| Untracked 
|  69|0x000000070a600000, 0x000000070a600000, 0x000000070a800000|  0%| F|  |TAMS 0x000000070a600000, 0x000000070a600000| Untracked 
|  70|0x000000070a800000, 0x000000070a800000, 0x000000070aa00000|  0%| F|  |TAMS 0x000000070a800000, 0x000000070a800000| Untracked 
|  71|0x000000070aa00000, 0x000000070aa00000, 0x000000070ac00000|  0%| F|  |TAMS 0x000000070aa00000, 0x000000070aa00000| Untracked 
|  72|0x000000070ac00000, 0x000000070ac00000, 0x000000070ae00000|  0%| F|  |TAMS 0x000000070ac00000, 0x000000070ac00000| Untracked 
|  73|0x000000070ae00000, 0x000000070ae00000, 0x000000070b000000|  0%| F|  |TAMS 0x000000070ae00000, 0x000000070ae00000| Untracked 
|  74|0x000000070b000000, 0x000000070b000000, 0x000000070b200000|  0%| F|  |TAMS 0x000000070b000000, 0x000000070b000000| Untracked 
|  75|0x000000070b200000, 0x000000070b200000, 0x000000070b400000|  0%| F|  |TAMS 0x000000070b200000, 0x000000070b200000| Untracked 
|  76|0x000000070b400000, 0x000000070b400000, 0x000000070b600000|  0%| F|  |TAMS 0x000000070b400000, 0x000000070b400000| Untracked 
|  77|0x000000070b600000, 0x000000070b600000, 0x000000070b800000|  0%| F|  |TAMS 0x000000070b600000, 0x000000070b600000| Untracked 
|  78|0x000000070b800000, 0x000000070b800000, 0x000000070ba00000|  0%| F|  |TAMS 0x000000070b800000, 0x000000070b800000| Untracked 
|  79|0x000000070ba00000, 0x000000070ba00000, 0x000000070bc00000|  0%| F|  |TAMS 0x000000070ba00000, 0x000000070ba00000| Untracked 
|  80|0x000000070bc00000, 0x000000070bc00000, 0x000000070be00000|  0%| F|  |TAMS 0x000000070bc00000, 0x000000070bc00000| Untracked 
|  81|0x000000070be00000, 0x000000070be00000, 0x000000070c000000|  0%| F|  |TAMS 0x000000070be00000, 0x000000070be00000| Untracked 
|  82|0x000000070c000000, 0x000000070c000000, 0x000000070c200000|  0%| F|  |TAMS 0x000000070c000000, 0x000000070c000000| Untracked 
|  83|0x000000070c200000, 0x000000070c200000, 0x000000070c400000|  0%| F|  |TAMS 0x000000070c200000, 0x000000070c200000| Untracked 
|  84|0x000000070c400000, 0x000000070c400000, 0x000000070c600000|  0%| F|  |TAMS 0x000000070c400000, 0x000000070c400000| Untracked 
|  85|0x000000070c600000, 0x000000070c600000, 0x000000070c800000|  0%| F|  |TAMS 0x000000070c600000, 0x000000070c600000| Untracked 
|  86|0x000000070c800000, 0x000000070c800000, 0x000000070ca00000|  0%| F|  |TAMS 0x000000070c800000, 0x000000070c800000| Untracked 
|  87|0x000000070ca00000, 0x000000070ca00000, 0x000000070cc00000|  0%| F|  |TAMS 0x000000070ca00000, 0x000000070ca00000| Untracked 
|  88|0x000000070cc00000, 0x000000070cc00000, 0x000000070ce00000|  0%| F|  |TAMS 0x000000070cc00000, 0x000000070cc00000| Untracked 
|  89|0x000000070ce00000, 0x000000070ce00000, 0x000000070d000000|  0%| F|  |TAMS 0x000000070ce00000, 0x000000070ce00000| Untracked 
|  90|0x000000070d000000, 0x000000070d000000, 0x000000070d200000|  0%| F|  |TAMS 0x000000070d000000, 0x000000070d000000| Untracked 
|  91|0x000000070d200000, 0x000000070d200000, 0x000000070d400000|  0%| F|  |TAMS 0x000000070d200000, 0x000000070d200000| Untracked 
|  92|0x000000070d400000, 0x000000070d400000, 0x000000070d600000|  0%| F|  |TAMS 0x000000070d400000, 0x000000070d400000| Untracked 
|  93|0x000000070d600000, 0x000000070d600000, 0x000000070d800000|  0%| F|  |TAMS 0x000000070d600000, 0x000000070d600000| Untracked 
|  94|0x000000070d800000, 0x000000070d800000, 0x000000070da00000|  0%| F|  |TAMS 0x000000070d800000, 0x000000070d800000| Untracked 
|  95|0x000000070da00000, 0x000000070da00000, 0x000000070dc00000|  0%| F|  |TAMS 0x000000070da00000, 0x000000070da00000| Untracked 
|  96|0x000000070dc00000, 0x000000070dc00000, 0x000000070de00000|  0%| F|  |TAMS 0x000000070dc00000, 0x000000070dc00000| Untracked 
|  97|0x000000070de00000, 0x000000070de00000, 0x000000070e000000|  0%| F|  |TAMS 0x000000070de00000, 0x000000070de00000| Untracked 
|  98|0x000000070e000000, 0x000000070e000000, 0x000000070e200000|  0%| F|  |TAMS 0x000000070e000000, 0x000000070e000000| Untracked 
|  99|0x000000070e200000, 0x000000070e200000, 0x000000070e400000|  0%| F|  |TAMS 0x000000070e200000, 0x000000070e200000| Untracked 
| 100|0x000000070e400000, 0x000000070e400000, 0x000000070e600000|  0%| F|  |TAMS 0x000000070e400000, 0x000000070e400000| Untracked 
| 101|0x000000070e600000, 0x000000070e600000, 0x000000070e800000|  0%| F|  |TAMS 0x000000070e600000, 0x000000070e600000| Untracked 
| 102|0x000000070e800000, 0x000000070e800000, 0x000000070ea00000|  0%| F|  |TAMS 0x000000070e800000, 0x000000070e800000| Untracked 
| 103|0x000000070ea00000, 0x000000070ea00000, 0x000000070ec00000|  0%| F|  |TAMS 0x000000070ea00000, 0x000000070ea00000| Untracked 
| 104|0x000000070ec00000, 0x000000070ec00000, 0x000000070ee00000|  0%| F|  |TAMS 0x000000070ec00000, 0x000000070ec00000| Untracked 
| 105|0x000000070ee00000, 0x000000070ef75dd0, 0x000000070f000000| 73%| E|  |TAMS 0x000000070ee00000, 0x000000070ee00000| Complete 
| 106|0x000000070f000000, 0x000000070f200000, 0x000000070f200000|100%| E|CS|TAMS 0x000000070f000000, 0x000000070f000000| Complete 
| 107|0x000000070f200000, 0x000000070f400000, 0x000000070f400000|100%| E|CS|TAMS 0x000000070f200000, 0x000000070f200000| Complete 
| 108|0x000000070f400000, 0x000000070f600000, 0x000000070f600000|100%| E|CS|TAMS 0x000000070f400000, 0x000000070f400000| Complete 
| 109|0x000000070f600000, 0x000000070f800000, 0x000000070f800000|100%| E|CS|TAMS 0x000000070f600000, 0x000000070f600000| Complete 
| 110|0x000000070f800000, 0x000000070fa00000, 0x000000070fa00000|100%| E|CS|TAMS 0x000000070f800000, 0x000000070f800000| Complete 
| 111|0x000000070fa00000, 0x000000070fc00000, 0x000000070fc00000|100%| E|CS|TAMS 0x000000070fa00000, 0x000000070fa00000| Complete 
| 112|0x000000070fc00000, 0x000000070fe00000, 0x000000070fe00000|100%| E|CS|TAMS 0x000000070fc00000, 0x000000070fc00000| Complete 
| 113|0x000000070fe00000, 0x0000000710000000, 0x0000000710000000|100%| E|CS|TAMS 0x000000070fe00000, 0x000000070fe00000| Complete 
| 114|0x0000000710000000, 0x000000071008d680, 0x0000000710200000| 27%| S|CS|TAMS 0x0000000710000000, 0x0000000710000000| Complete 
| 115|0x0000000710200000, 0x0000000710400000, 0x0000000710400000|100%| S|CS|TAMS 0x0000000710200000, 0x0000000710200000| Complete 
| 116|0x0000000710400000, 0x0000000710600000, 0x0000000710600000|100%| E|CS|TAMS 0x0000000710400000, 0x0000000710400000| Complete 
| 117|0x0000000710600000, 0x0000000710800000, 0x0000000710800000|100%| E|CS|TAMS 0x0000000710600000, 0x0000000710600000| Complete 
| 118|0x0000000710800000, 0x0000000710a00000, 0x0000000710a00000|100%| E|CS|TAMS 0x0000000710800000, 0x0000000710800000| Complete 
| 119|0x0000000710a00000, 0x0000000710c00000, 0x0000000710c00000|100%| E|CS|TAMS 0x0000000710a00000, 0x0000000710a00000| Complete 
| 120|0x0000000710c00000, 0x0000000710e00000, 0x0000000710e00000|100%| E|CS|TAMS 0x0000000710c00000, 0x0000000710c00000| Complete 
| 121|0x0000000710e00000, 0x0000000711000000, 0x0000000711000000|100%| E|CS|TAMS 0x0000000710e00000, 0x0000000710e00000| Complete 
| 122|0x0000000711000000, 0x0000000711200000, 0x0000000711200000|100%| E|CS|TAMS 0x0000000711000000, 0x0000000711000000| Complete 
| 123|0x0000000711200000, 0x0000000711400000, 0x0000000711400000|100%| E|CS|TAMS 0x0000000711200000, 0x0000000711200000| Complete 
| 124|0x0000000711400000, 0x0000000711600000, 0x0000000711600000|100%| E|CS|TAMS 0x0000000711400000, 0x0000000711400000| Complete 
| 125|0x0000000711600000, 0x0000000711800000, 0x0000000711800000|100%| E|  |TAMS 0x0000000711600000, 0x0000000711600000| Complete 
| 126|0x0000000711800000, 0x0000000711a00000, 0x0000000711a00000|100%| E|CS|TAMS 0x0000000711800000, 0x0000000711800000| Complete 
| 127|0x0000000711a00000, 0x0000000711c00000, 0x0000000711c00000|100%| E|CS|TAMS 0x0000000711a00000, 0x0000000711a00000| Complete 

Card table byte_map: [0x000002aeb4fd0000,0x000002aeb57d0000] _byte_map_base: 0x000002aeb17c2000

Marking Bits (Prev, Next): (CMBitMap*) 0x000002ae9c0db3c0, (CMBitMap*) 0x000002ae9c0db400
 Prev Bits: [0x000002aeb5fd0000, 0x000002aeb9f60000)
 Next Bits: [0x000002aeb9f60000, 0x000002aebdef0000)

Polling page: 0x000002ae9bec0000

Metaspace:

Usage:
  Non-class:     14.31 MB used.
      Class:      1.91 MB used.
       Both:     16.23 MB used.

Virtual space:
  Non-class space:       64.00 MB reserved,      14.44 MB ( 23%) committed,  1 nodes.
      Class space:        1.00 GB reserved,       2.06 MB ( <1%) committed,  1 nodes.
             Both:        1.06 GB reserved,      16.50 MB (  2%) committed. 

Chunk freelists:
   Non-Class:  1.58 MB
       Class:  1.79 MB
        Both:  3.37 MB

MaxMetaspaceSize: unlimited
CompressedClassSpaceSize: 1.00 GB
Initial GC threshold: 21.00 MB
Current GC threshold: 21.00 MB
CDS: on
MetaspaceReclaimPolicy: balanced
 - commit_granule_bytes: 65536.
 - commit_granule_words: 8192.
 - virtual_space_node_default_size: 8388608.
 - enlarge_chunks_in_place: 1.
 - new_chunks_are_fully_committed: 0.
 - uncommit_free_chunks: 1.
 - use_allocation_guard: 0.


Internal statistics:

num_allocs_failed_limit: 0.
num_arena_births: 238.
num_arena_deaths: 0.
num_vsnodes_births: 2.
num_vsnodes_deaths: 0.
num_space_committed: 264.
num_space_uncommitted: 0.
num_chunks_returned_to_freelist: 0.
num_chunks_taken_from_freelist: 775.
num_chunk_merges: 0.
num_chunk_splits: 543.
num_chunks_enlarged: 435.
num_inconsistent_stats: 0.

CodeHeap 'non-profiled nmethods': size=120000Kb used=850Kb max_used=850Kb free=119149Kb
 bounds [0x000002aeacc70000, 0x000002aeacee0000, 0x000002aeb41a0000]
CodeHeap 'profiled nmethods': size=120000Kb used=4999Kb max_used=4999Kb free=115000Kb
 bounds [0x000002aea5740000, 0x000002aea5c30000, 0x000002aeacc70000]
CodeHeap 'non-nmethods': size=5760Kb used=1256Kb max_used=1282Kb free=4503Kb
 bounds [0x000002aea51a0000, 0x000002aea5410000, 0x000002aea5740000]
 total_blobs=2869 nmethods=2401 adapters=380
 compilation: enabled
              stopped_count=0, restarted_count=0
 full_count=0

Compilation events (20 events):
Event: 2.390 Thread 0x000002aec04abaf0 nmethod 2352 0x000002aea5bf9e10 code [0x000002aea5bf9fc0, 0x000002aea5bfa1a8]
Event: 2.393 Thread 0x000002aec04abaf0 2353       3       org.springframework.util.Assert::hasLength (17 bytes)
Event: 2.394 Thread 0x000002aec04abaf0 nmethod 2353 0x000002aea5bfa290 code [0x000002aea5bfa460, 0x000002aea5bfa828]
Event: 2.397 Thread 0x000002aec04abaf0 2355  s    3       sun.net.www.protocol.file.Handler::openConnection (7 bytes)
Event: 2.397 Thread 0x000002aec04abaf0 nmethod 2355 0x000002aea5bfa990 code [0x000002aea5bfab40, 0x000002aea5bfad68]
Event: 2.397 Thread 0x000002aec04abaf0 2358       3       java.nio.charset.CharsetDecoder::<init> (10 bytes)
Event: 2.397 Thread 0x000002aec04abaf0 nmethod 2358 0x000002aea5bfae10 code [0x000002aea5bfafc0, 0x000002aea5bfb128]
Event: 2.397 Thread 0x000002aec04abaf0 2357       3       java.nio.ByteBuffer::allocate (20 bytes)
Event: 2.397 Thread 0x000002aec04abaf0 nmethod 2357 0x000002aea5bfb210 code [0x000002aea5bfb3c0, 0x000002aea5bfb5f8]
Event: 2.397 Thread 0x000002aec04abaf0 2356  s!   3       sun.net.www.protocol.file.Handler::openConnection (271 bytes)
Event: 2.400 Thread 0x000002aec04abaf0 nmethod 2356 0x000002aea5bfb710 code [0x000002aea5bfbc60, 0x000002aea5bfe168]
Event: 2.400 Thread 0x000002aec04abaf0 2359       3       java.net.URL::openConnection (9 bytes)
Event: 2.400 Thread 0x000002aec04abaf0 nmethod 2359 0x000002aea5bff110 code [0x000002aea5bff2c0, 0x000002aea5bff4a8]
Event: 2.400 Thread 0x000002aec04abaf0 2362       3       java.net.URLConnection::<init> (62 bytes)
Event: 2.401 Thread 0x000002aec04abaf0 nmethod 2362 0x000002aea5bff590 code [0x000002aea5bff7a0, 0x000002aea5bffec8]
Event: 2.401 Thread 0x000002aec04abaf0 2363       3       java.net.URLConnection::getDefaultUseCaches (30 bytes)
Event: 2.401 Thread 0x000002aec04abaf0 nmethod 2363 0x000002aea5c00110 code [0x000002aea5c00300, 0x000002aea5c007e8]
Event: 2.401 Thread 0x000002aec04abaf0 2361       3       java.nio.charset.CharsetDecoder::flush (49 bytes)
Event: 2.401 Thread 0x000002aec04abaf0 nmethod 2361 0x000002aea5c00990 code [0x000002aea5c00b60, 0x000002aea5c00f68]
Event: 2.401 Thread 0x000002aec04abaf0 2360       3       java.nio.CharBuffer::allocate (20 bytes)

GC Heap History (6 events):
Event: 0.531 GC heap before
{Heap before GC invocations=0 (full 0):
 garbage-first heap   total 262144K, used 10240K [0x0000000701c00000, 0x0000000800000000)
  region size 2048K, 6 young (12288K), 0 survivors (0K)
 Metaspace       used 2078K, committed 2240K, reserved 1114112K
  class space    used 183K, committed 256K, reserved 1048576K
}
Event: 0.535 GC heap after
{Heap after GC invocations=1 (full 0):
 garbage-first heap   total 262144K, used 5092K [0x0000000701c00000, 0x0000000800000000)
  region size 2048K, 1 young (2048K), 1 survivors (2048K)
 Metaspace       used 2078K, committed 2240K, reserved 1114112K
  class space    used 183K, committed 256K, reserved 1048576K
}
Event: 0.980 GC heap before
{Heap before GC invocations=1 (full 0):
 garbage-first heap   total 262144K, used 15332K [0x0000000701c00000, 0x0000000800000000)
  region size 2048K, 6 young (12288K), 1 survivors (2048K)
 Metaspace       used 4468K, committed 4672K, reserved 1114112K
  class space    used 475K, committed 576K, reserved 1048576K
}
Event: 0.984 GC heap after
{Heap after GC invocations=2 (full 0):
 garbage-first heap   total 262144K, used 6543K [0x0000000701c00000, 0x0000000800000000)
  region size 2048K, 1 young (2048K), 1 survivors (2048K)
 Metaspace       used 4468K, committed 4672K, reserved 1114112K
  class space    used 475K, committed 576K, reserved 1048576K
}
Event: 1.583 GC heap before
{Heap before GC invocations=2 (full 0):
 garbage-first heap   total 262144K, used 29071K [0x0000000701c00000, 0x0000000800000000)
  region size 2048K, 12 young (24576K), 1 survivors (2048K)
 Metaspace       used 9505K, committed 9792K, reserved 1114112K
  class space    used 1134K, committed 1280K, reserved 1048576K
}
Event: 1.586 GC heap after
{Heap after GC invocations=3 (full 0):
 garbage-first heap   total 262144K, used 7807K [0x0000000701c00000, 0x0000000800000000)
  region size 2048K, 2 young (4096K), 2 survivors (4096K)
 Metaspace       used 9505K, committed 9792K, reserved 1114112K
  class space    used 1134K, committed 1280K, reserved 1048576K
}

Deoptimization events (20 events):
Event: 2.317 Thread 0x000002ae9c06e6e0 DEOPT PACKING pc=0x000002aea5bcc1ec sp=0x000000e20f4fe260
Event: 2.317 Thread 0x000002ae9c06e6e0 DEOPT UNPACKING pc=0x000002aea51f2b43 sp=0x000000e20f4fd7c8 mode 1
Event: 2.317 Thread 0x000002ae9c06e6e0 DEOPT PACKING pc=0x000002aea589f7c1 sp=0x000000e20f4fd770
Event: 2.317 Thread 0x000002ae9c06e6e0 DEOPT UNPACKING pc=0x000002aea51f2b43 sp=0x000000e20f4fcbc8 mode 1
Event: 2.317 Thread 0x000002ae9c06e6e0 DEOPT PACKING pc=0x000002aea589db5c sp=0x000000e20f4fd800
Event: 2.317 Thread 0x000002ae9c06e6e0 DEOPT UNPACKING pc=0x000002aea51f2b43 sp=0x000000e20f4fccb8 mode 1
Event: 2.317 Thread 0x000002ae9c06e6e0 DEOPT PACKING pc=0x000002aea59242e4 sp=0x000000e20f4fe1d0
Event: 2.317 Thread 0x000002ae9c06e6e0 DEOPT UNPACKING pc=0x000002aea51f2b43 sp=0x000000e20f4fd698 mode 1
Event: 2.317 Thread 0x000002ae9c06e6e0 DEOPT PACKING pc=0x000002aea592395c sp=0x000000e20f4fe260
Event: 2.317 Thread 0x000002ae9c06e6e0 DEOPT UNPACKING pc=0x000002aea51f2b43 sp=0x000000e20f4fd738 mode 1
Event: 2.358 Thread 0x000002ae9c06e6e0 DEOPT PACKING pc=0x000002aea589f7c1 sp=0x000000e20f4fd6a0
Event: 2.358 Thread 0x000002ae9c06e6e0 DEOPT UNPACKING pc=0x000002aea51f2b43 sp=0x000000e20f4fcaf8 mode 1
Event: 2.358 Thread 0x000002ae9c06e6e0 DEOPT PACKING pc=0x000002aea589db5c sp=0x000000e20f4fd730
Event: 2.358 Thread 0x000002ae9c06e6e0 DEOPT UNPACKING pc=0x000002aea51f2b43 sp=0x000000e20f4fcbe8 mode 1
Event: 2.358 Thread 0x000002ae9c06e6e0 DEOPT PACKING pc=0x000002aea59242e4 sp=0x000000e20f4fe100
Event: 2.358 Thread 0x000002ae9c06e6e0 DEOPT UNPACKING pc=0x000002aea51f2b43 sp=0x000000e20f4fd5c8 mode 1
Event: 2.358 Thread 0x000002ae9c06e6e0 DEOPT PACKING pc=0x000002aea592395c sp=0x000000e20f4fe190
Event: 2.358 Thread 0x000002ae9c06e6e0 DEOPT UNPACKING pc=0x000002aea51f2b43 sp=0x000000e20f4fd650 mode 1
Event: 2.358 Thread 0x000002ae9c06e6e0 DEOPT PACKING pc=0x000002aea5bae0cc sp=0x000000e20f4fe210
Event: 2.358 Thread 0x000002ae9c06e6e0 DEOPT UNPACKING pc=0x000002aea51f2b43 sp=0x000000e20f4fd6d8 mode 1

Classes loaded (20 events):
Event: 2.387 Loading class org/springframework/boot/jdbc/DataSourceBuilder$MappedDataSourceProperty
Event: 2.387 Loading class org/springframework/boot/jdbc/DataSourceBuilder$MappedDataSourceProperty done
Event: 2.388 Loading class org/springframework/boot/jdbc/DataSourceBuilder$Getter
Event: 2.388 Loading class org/springframework/boot/jdbc/DataSourceBuilder$Getter done
Event: 2.389 Loading class org/springframework/boot/jdbc/DataSourceBuilder$Setter
Event: 2.389 Loading class org/springframework/boot/jdbc/DataSourceBuilder$Setter done
Event: 2.389 Loading class org/springframework/boot/jdbc/DataSourceBuilder$Getter
Event: 2.389 Loading class org/springframework/boot/jdbc/DataSourceBuilder$Getter done
Event: 2.389 Loading class org/springframework/boot/jdbc/DataSourceBuilder$Setter
Event: 2.389 Loading class org/springframework/boot/jdbc/DataSourceBuilder$Setter done
Event: 2.390 Loading class org/springframework/boot/jdbc/DataSourceBuilder$Getter
Event: 2.390 Loading class org/springframework/boot/jdbc/DataSourceBuilder$Getter done
Event: 2.390 Loading class org/springframework/boot/jdbc/DataSourceBuilder$Setter
Event: 2.390 Loading class org/springframework/boot/jdbc/DataSourceBuilder$Setter done
Event: 2.390 Loading class org/springframework/boot/jdbc/DataSourceBuilder$TomcatPoolDataSourceProperties
Event: 2.390 Loading class org/springframework/boot/jdbc/DataSourceBuilder$TomcatPoolDataSourceProperties done
Event: 2.391 Loading class org/springframework/boot/jdbc/DataSourceBuilder$MappedDbcp2DataSource
Event: 2.391 Loading class org/springframework/boot/jdbc/DataSourceBuilder$MappedDbcp2DataSource done
Event: 2.392 Loading class org/springframework/boot/jdbc/DataSourceBuilder$OraclePoolDataSourceProperties
Event: 2.392 Loading class org/springframework/boot/jdbc/DataSourceBuilder$OraclePoolDataSourceProperties done

Classes unloaded (0 events):
No events

Classes redefined (0 events):
No events

Internal exceptions (20 events):
Event: 1.826 Thread 0x000002ae9c06e6e0 Exception <a 'java/lang/ClassNotFoundException'{0x000000071098a898}: org/springframework/beans/factory/support/BeanDefinitionRegistryPostProcessorCustomizer> (0x000000071098a898) 
thrown [s\open\src\hotspot\share\classfile\systemDictionary.cpp, line 255]
Event: 1.828 Thread 0x000002ae9c06e6e0 Exception <a 'java/lang/ClassNotFoundException'{0x000000071098e768}: org/springframework/beans/factory/config/BeanFactoryPostProcessorCustomizer> (0x000000071098e768) 
thrown [s\open\src\hotspot\share\classfile\systemDictionary.cpp, line 255]
Event: 1.829 Thread 0x000002ae9c06e6e0 Exception <a 'java/lang/ClassNotFoundException'{0x00000007109924e0}: org/springframework/core/PriorityOrderedCustomizer> (0x00000007109924e0) 
thrown [s\open\src\hotspot\share\classfile\systemDictionary.cpp, line 255]
Event: 1.830 Thread 0x000002ae9c06e6e0 Exception <a 'java/lang/ClassNotFoundException'{0x0000000710994ee8}: org/springframework/core/OrderedCustomizer> (0x0000000710994ee8) 
thrown [s\open\src\hotspot\share\classfile\systemDictionary.cpp, line 255]
Event: 1.831 Thread 0x000002ae9c06e6e0 Exception <a 'java/lang/ClassNotFoundException'{0x0000000710998ab8}: org/springframework/context/ResourceLoaderAwareCustomizer> (0x0000000710998ab8) 
thrown [s\open\src\hotspot\share\classfile\systemDictionary.cpp, line 255]
Event: 1.832 Thread 0x000002ae9c06e6e0 Exception <a 'java/lang/ClassNotFoundException'{0x000000071099c810}: org/springframework/beans/factory/AwareCustomizer> (0x000000071099c810) 
thrown [s\open\src\hotspot\share\classfile\systemDictionary.cpp, line 255]
Event: 1.833 Thread 0x000002ae9c06e6e0 Exception <a 'java/lang/ClassNotFoundException'{0x000000071099f520}: org/springframework/context/ApplicationStartupAwareCustomizer> (0x000000071099f520) 
thrown [s\open\src\hotspot\share\classfile\systemDictionary.cpp, line 255]
Event: 1.834 Thread 0x000002ae9c06e6e0 Exception <a 'java/lang/ClassNotFoundException'{0x00000007109a3500}: org/springframework/beans/factory/AwareCustomizer> (0x00000007109a3500) 
thrown [s\open\src\hotspot\share\classfile\systemDictionary.cpp, line 255]
Event: 1.834 Thread 0x000002ae9c06e6e0 Exception <a 'java/lang/ClassNotFoundException'{0x00000007109a6208}: org/springframework/beans/factory/BeanClassLoaderAwareCustomizer> (0x00000007109a6208) 
thrown [s\open\src\hotspot\share\classfile\systemDictionary.cpp, line 255]
Event: 1.835 Thread 0x000002ae9c06e6e0 Exception <a 'java/lang/ClassNotFoundException'{0x00000007109a9f48}: org/springframework/beans/factory/AwareCustomizer> (0x00000007109a9f48) 
thrown [s\open\src\hotspot\share\classfile\systemDictionary.cpp, line 255]
Event: 1.836 Thread 0x000002ae9c06e6e0 Exception <a 'java/lang/ClassNotFoundException'{0x000000071062c6a8}: org/springframework/context/EnvironmentAwareCustomizer> (0x000000071062c6a8) 
thrown [s\open\src\hotspot\share\classfile\systemDictionary.cpp, line 255]
Event: 1.837 Thread 0x000002ae9c06e6e0 Exception <a 'java/lang/ClassNotFoundException'{0x0000000710630380}: org/springframework/beans/factory/AwareCustomizer> (0x0000000710630380) 
thrown [s\open\src\hotspot\share\classfile\systemDictionary.cpp, line 255]
Event: 1.838 Thread 0x000002aeccd87610 Exception <a 'java/lang/NoSuchMethodError'{0x000000071069b790}: 'long java.lang.invoke.DirectMethodHandle$Holder.invokeSpecial(java.lang.Object, java.lang.Object)'> (0x000000071069b790) 
thrown [s\open\src\hotspot\share\interpreter\linkResolver.cpp, line 766]
Event: 1.841 Thread 0x000002aeccd87610 Exception <a 'java/lang/NoSuchMethodError'{0x00000007106a6a98}: 'long java.lang.invoke.DirectMethodHandle$Holder.invokeStatic(java.lang.Object, java.lang.Object)'> (0x00000007106a6a98) 
thrown [s\open\src\hotspot\share\interpreter\linkResolver.cpp, line 766]
Event: 1.841 Thread 0x000002aeccd87610 Exception <a 'java/lang/NoSuchMethodError'{0x00000007106aa090}: 'long java.lang.invoke.DirectMethodHandle$Holder.invokeStaticInit(java.lang.Object, java.lang.Object)'> (0x00000007106aa090) 
thrown [s\open\src\hotspot\share\interpreter\linkResolver.cpp, line 766]
Event: 1.845 Thread 0x000002aeccd87610 Exception <a 'java/lang/NoSuchMethodError'{0x00000007106b8450}: 'long java.lang.invoke.DirectMethodHandle$Holder.invokeInterface(java.lang.Object, java.lang.Object)'> (0x00000007106b8450) 
thrown [s\open\src\hotspot\share\interpreter\linkResolver.cpp, line 766]
Event: 1.845 Thread 0x000002aeccd87610 Exception <a 'java/lang/IncompatibleClassChangeError'{0x00000007106bb9d8}: Found class java.lang.Object, but interface was expected> (0x00000007106bb9d8) 
thrown [s\open\src\hotspot\share\interpreter\linkResolver.cpp, line 833]
Event: 1.859 Thread 0x000002aeccd87610 Exception <a 'java/lang/NoSuchMethodError'{0x000000071078d5a8}: 'java.lang.Object java.lang.invoke.DirectMethodHandle$Holder.invokeVirtual(java.lang.Object, java.lang.Object, java.lang.Object, java.lang.Object)'> (0x000000071078d5a8) 
thrown [s\open\src\hotspot\share\interpreter\linkResolver.cpp, line 766]
Event: 2.138 Thread 0x000002ae9c06e6e0 Exception <a 'java/lang/IncompatibleClassChangeError'{0x000000070f9b7478}: Found class java.lang.Object, but interface was expected> (0x000000070f9b7478) 
thrown [s\open\src\hotspot\share\interpreter\linkResolver.cpp, line 833]
Event: 2.201 Thread 0x000002ae9c06e6e0 Exception <a 'java/lang/NoSuchMethodError'{0x000000070f7162a8}: 'void java.lang.invoke.DirectMethodHandle$Holder.invokeInterface(java.lang.Object, java.lang.Object, java.lang.Object, java.lang.Object)'> (0x000000070f7162a8) 
thrown [s\open\src\hotspot\share\interpreter\linkResolver.cpp, line 766]

VM Operations (20 events):
Event: 0.700 Executing VM operation: HandshakeAllThreads
Event: 0.700 Executing VM operation: HandshakeAllThreads done
Event: 0.976 Executing VM operation: HandshakeAllThreads
Event: 0.976 Executing VM operation: HandshakeAllThreads done
Event: 0.979 Executing VM operation: G1CollectForAllocation
Event: 0.984 Executing VM operation: G1CollectForAllocation done
Event: 1.306 Executing VM operation: HandshakeAllThreads
Event: 1.306 Executing VM operation: HandshakeAllThreads done
Event: 1.506 Executing VM operation: HandshakeAllThreads
Event: 1.506 Executing VM operation: HandshakeAllThreads done
Event: 1.507 Executing VM operation: HandshakeAllThreads
Event: 1.507 Executing VM operation: HandshakeAllThreads done
Event: 1.582 Executing VM operation: G1CollectForAllocation
Event: 1.586 Executing VM operation: G1CollectForAllocation done
Event: 1.816 Executing VM operation: HandshakeAllThreads
Event: 1.816 Executing VM operation: HandshakeAllThreads done
Event: 1.856 Executing VM operation: HandshakeAllThreads
Event: 1.856 Executing VM operation: HandshakeAllThreads done
Event: 2.172 Executing VM operation: ICBufferFull
Event: 2.172 Executing VM operation: ICBufferFull done

Events (20 events):
Event: 0.054 Thread 0x000002aec04abaf0 Thread added: 0x000002aec04abaf0
Event: 0.054 Thread 0x000002aec04be0d0 Thread added: 0x000002aec04be0d0
Event: 0.141 Thread 0x000002aec0465150 Thread added: 0x000002aec0465150
Event: 0.168 Thread 0x000002aec4938220 Thread added: 0x000002aec4938220
Event: 0.168 Thread 0x000002aec4961320 Thread added: 0x000002aec4961320
Event: 0.169 Thread 0x000002aec4965990 Thread added: 0x000002aec4965990
Event: 0.183 Loaded shared library C:\Users\Админ\.jdks\openjdk-18.0.1.1\bin\instrument.dll
Event: 0.198 Thread 0x000002aec49607f0 Thread added: 0x000002aec49607f0
Event: 0.216 Loaded shared library C:\Users\Админ\.jdks\openjdk-18.0.1.1\bin\net.dll
Event: 0.217 Loaded shared library C:\Users\Админ\.jdks\openjdk-18.0.1.1\bin\nio.dll
Event: 0.223 Loaded shared library C:\Users\Админ\.jdks\openjdk-18.0.1.1\bin\zip.dll
Event: 0.361 Loaded shared library C:\Users\Админ\.jdks\openjdk-18.0.1.1\bin\verify.dll
Event: 0.371 Loaded shared library C:\Users\Админ\.jdks\openjdk-18.0.1.1\bin\jimage.dll
Event: 1.392 Loaded shared library C:\Users\Админ\.jdks\openjdk-18.0.1.1\bin\management.dll
Event: 1.396 Loaded shared library C:\Users\Админ\.jdks\openjdk-18.0.1.1\bin\management_ext.dll
Event: 1.493 Thread 0x000002aeccd87610 Thread added: 0x000002aeccd87610
Event: 1.865 Thread 0x000002aeccd87610 Thread exited: 0x000002aeccd87610
Event: 2.043 Thread 0x000002aecd1d6f90 Thread added: 0x000002aecd1d6f90
Event: 2.049 Thread 0x000002aecd22be30 Thread added: 0x000002aecd22be30
Event: 2.086 Thread 0x000002aecd22be30 Thread exited: 0x000002aecd22be30


Dynamic libraries:
0x00007ff734d50000 - 0x00007ff734d5e000 	C:\Users\Админ\.jdks\openjdk-18.0.1.1\bin\java.exe
0x00007ffd41870000 - 0x00007ffd41a68000 	C:\WINDOWS\SYSTEM32\ntdll.dll
0x00007ffd3fcc0000 - 0x00007ffd3fd7d000 	C:\WINDOWS\System32\KERNEL32.DLL
0x00007ffd3f190000 - 0x00007ffd3f45e000 	C:\WINDOWS\System32\KERNELBASE.dll
0x00007ffd3f460000 - 0x00007ffd3f560000 	C:\WINDOWS\System32\ucrtbase.dll
0x00007ffd38940000 - 0x00007ffd3895a000 	C:\Users\Админ\.jdks\openjdk-18.0.1.1\bin\VCRUNTIME140.dll
0x00007ffd388b0000 - 0x00007ffd388c7000 	C:\Users\Админ\.jdks\openjdk-18.0.1.1\bin\jli.dll
0x00007ffd3fd80000 - 0x00007ffd3ff20000 	C:\WINDOWS\System32\USER32.dll
0x00007ffd2d980000 - 0x00007ffd2dc1a000 	C:\WINDOWS\WinSxS\amd64_microsoft.windows.common-controls_6595b64144ccf1df_6.0.19041.1110_none_60b5254171f9507e\COMCTL32.dll
0x00007ffd3f740000 - 0x00007ffd3f762000 	C:\WINDOWS\System32\win32u.dll
0x00007ffd40ff0000 - 0x00007ffd4101a000 	C:\WINDOWS\System32\GDI32.dll
0x00007ffd41050000 - 0x00007ffd410ee000 	C:\WINDOWS\System32\msvcrt.dll
0x00007ffd3ef90000 - 0x00007ffd3f09b000 	C:\WINDOWS\System32\gdi32full.dll
0x00007ffd3f6a0000 - 0x00007ffd3f73d000 	C:\WINDOWS\System32\msvcp_win.dll
0x00007ffd41020000 - 0x00007ffd41050000 	C:\WINDOWS\System32\IMM32.DLL
0x00007ffd3b740000 - 0x00007ffd3b74c000 	C:\Users\Админ\.jdks\openjdk-18.0.1.1\bin\vcruntime140_1.dll
0x00007ffd2b330000 - 0x00007ffd2b3bd000 	C:\Users\Админ\.jdks\openjdk-18.0.1.1\bin\msvcp140.dll
0x00007ffd09530000 - 0x00007ffd0a140000 	C:\Users\Админ\.jdks\openjdk-18.0.1.1\bin\server\jvm.dll
0x00007ffd41340000 - 0x00007ffd413ee000 	C:\WINDOWS\System32\ADVAPI32.dll
0x00007ffd412a0000 - 0x00007ffd4133c000 	C:\WINDOWS\System32\sechost.dll
0x00007ffd3fb30000 - 0x00007ffd3fc55000 	C:\WINDOWS\System32\RPCRT4.dll
0x00007ffd41670000 - 0x00007ffd41678000 	C:\WINDOWS\System32\PSAPI.DLL
0x00007ffd299d0000 - 0x00007ffd299d9000 	C:\WINDOWS\SYSTEM32\WSOCK32.dll
0x00007ffd2ddd0000 - 0x00007ffd2ddf7000 	C:\WINDOWS\SYSTEM32\WINMM.dll
0x00007ffd34c20000 - 0x00007ffd34c2a000 	C:\WINDOWS\SYSTEM32\VERSION.dll
0x00007ffd414a0000 - 0x00007ffd4150b000 	C:\WINDOWS\System32\WS2_32.dll
0x00007ffd3d820000 - 0x00007ffd3d832000 	C:\WINDOWS\SYSTEM32\kernel.appcore.dll
0x00007ffd3a8c0000 - 0x00007ffd3a8ca000 	C:\Users\Админ\.jdks\openjdk-18.0.1.1\bin\jimage.dll
0x00007ffd3c2f0000 - 0x00007ffd3c4d4000 	C:\WINDOWS\SYSTEM32\DBGHELP.DLL
0x00007ffd27900000 - 0x00007ffd2792c000 	C:\WINDOWS\SYSTEM32\dbgcore.DLL
0x00007ffd3f560000 - 0x00007ffd3f5e2000 	C:\WINDOWS\System32\bcryptPrimitives.dll
0x00007ffd2a340000 - 0x00007ffd2a37b000 	C:\Users\Админ\.jdks\openjdk-18.0.1.1\bin\jdwp.dll
0x00007ffd3a7f0000 - 0x00007ffd3a7fe000 	C:\Users\Админ\.jdks\openjdk-18.0.1.1\bin\instrument.dll
0x00007ffd38880000 - 0x00007ffd388a5000 	C:\Users\Админ\.jdks\openjdk-18.0.1.1\bin\java.dll
0x00007ffd2edf0000 - 0x00007ffd2ee08000 	C:\Users\Админ\.jdks\openjdk-18.0.1.1\bin\zip.dll
0x00007ffd2a380000 - 0x00007ffd2a456000 	C:\Users\Админ\.jdks\openjdk-18.0.1.1\bin\jsvml.dll
0x00007ffd403d0000 - 0x00007ffd40b14000 	C:\WINDOWS\System32\SHELL32.dll
0x00007ffd3ccf0000 - 0x00007ffd3d484000 	C:\WINDOWS\SYSTEM32\windows.storage.dll
0x00007ffd3ff20000 - 0x00007ffd40274000 	C:\WINDOWS\System32\combase.dll
0x00007ffd3e9f0000 - 0x00007ffd3ea20000 	C:\WINDOWS\SYSTEM32\Wldp.dll
0x00007ffd413f0000 - 0x00007ffd4149d000 	C:\WINDOWS\System32\SHCORE.dll
0x00007ffd40360000 - 0x00007ffd403b5000 	C:\WINDOWS\System32\shlwapi.dll
0x00007ffd3eed0000 - 0x00007ffd3eeef000 	C:\WINDOWS\SYSTEM32\profapi.dll
0x00007ffd38970000 - 0x00007ffd3897c000 	C:\Users\Админ\.jdks\openjdk-18.0.1.1\bin\dt_socket.dll
0x00007ffd3e3f0000 - 0x00007ffd3e42b000 	C:\WINDOWS\SYSTEM32\IPHLPAPI.DLL
0x00007ffd3e750000 - 0x00007ffd3e7ba000 	C:\WINDOWS\system32\mswsock.dll
0x00007ffd37e00000 - 0x00007ffd37e13000 	C:\Users\Админ\.jdks\openjdk-18.0.1.1\bin\net.dll
0x00007ffd35e80000 - 0x00007ffd35f8a000 	C:\WINDOWS\SYSTEM32\WINHTTP.dll
0x00007ffd32da0000 - 0x00007ffd32db6000 	C:\Users\Админ\.jdks\openjdk-18.0.1.1\bin\nio.dll
0x00007ffd38930000 - 0x00007ffd38940000 	C:\Users\Админ\.jdks\openjdk-18.0.1.1\bin\verify.dll
0x00007ffd37df0000 - 0x00007ffd37df9000 	C:\Users\Админ\.jdks\openjdk-18.0.1.1\bin\management.dll
0x00007ffd37dc0000 - 0x00007ffd37dcb000 	C:\Users\Админ\.jdks\openjdk-18.0.1.1\bin\management_ext.dll
0x00007ffd268e0000 - 0x00007ffd268f7000 	C:\WINDOWS\system32\napinsp.dll
0x00007ffd26880000 - 0x00007ffd2689b000 	C:\WINDOWS\system32\pnrpnsp.dll
0x00007ffd39070000 - 0x00007ffd39085000 	C:\WINDOWS\system32\wshbth.dll
0x00007ffd3a060000 - 0x00007ffd3a07d000 	C:\WINDOWS\system32\NLAapi.dll
0x00007ffd3e430000 - 0x00007ffd3e4fb000 	C:\WINDOWS\SYSTEM32\DNSAPI.dll
0x00007ffd41590000 - 0x00007ffd41598000 	C:\WINDOWS\System32\NSI.dll
0x00007ffd26750000 - 0x00007ffd26762000 	C:\WINDOWS\System32\winrnr.dll
0x00007ffd36be0000 - 0x00007ffd36bea000 	C:\Windows\System32\rasadhlp.dll
0x00007ffd2ce10000 - 0x00007ffd2ce90000 	C:\WINDOWS\System32\fwpuclnt.dll
0x00007ffd3f110000 - 0x00007ffd3f137000 	C:\WINDOWS\System32\bcrypt.dll

dbghelp: loaded successfully - version: 4.0.5 - missing functions: none
symbol engine: initialized successfully - sym options: 0x614 - pdb path: .;C:\Users\Админ\.jdks\openjdk-18.0.1.1\bin;C:\WINDOWS\SYSTEM32;C:\WINDOWS\WinSxS\amd64_microsoft.windows.common-controls_6595b64144ccf1df_6.0.19041.1110_none_60b5254171f9507e;C:\Users\Админ\.jdks\openjdk-18.0.1.1\bin\server

VM Arguments:
jvm_args: -agentlib:jdwp=transport=dt_socket,address=127.0.0.1:64453,suspend=y,server=n -javaagent:C:\Users\Админ\AppData\Local\JetBrains\IdeaIC2022.1\captureAgent\debugger-agent.jar -Dfile.encoding=UTF-8 
java_command: com.project.demoSpringDiary.DemoSpringDiaryApplication
java_class_path (initial): C:\Users\Админ\demoSpringDiary\target\classes;C:\Users\Админ\.m2\repository\org\springframework\boot\spring-boot-starter-data-jpa\2.7.2\spring-boot-starter-data-jpa-2.7.2.jar;C:\Users\Админ\.m2\repository\org\springframework\boot\spring-boot-starter-aop\2.7.2\spring-boot-starter-aop-2.7.2.jar;C:\Users\Админ\.m2\repository\org\aspectj\aspectjweaver\1.9.7\aspectjweaver-1.9.7.jar;C:\Users\Админ\.m2\repository\org\springframework\boot\spring-boot-starter-jdbc\2.7.2\spring-boot-starter-jdbc-2.7.2.jar;C:\Users\Админ\.m2\repository\com\zaxxer\HikariCP\4.0.3\HikariCP-4.0.3.jar;C:\Users\Админ\.m2\repository\org\springframework\spring-jdbc\5.3.22\spring-jdbc-5.3.22.jar;C:\Users\Админ\.m2\repository\jakarta\transaction\jakarta.transaction-api\1.3.3\jakarta.transaction-api-1.3.3.jar;C:\Users\Админ\.m2\repository\jakarta\persistence\jakarta.persistence-api\2.2.3\jakarta.persistence-api-2.2.3.jar;C:\Users\Админ\.m2\repository\org\hibernate\hibernate-core\5.6.10.Final\hibernate-core-5.6.10.Final.jar;C:\Users\Админ\.m2\repository\org\jboss\logging\jboss-logging\3.4.3.Final\jboss-logging-3.4.3.Final.jar;C:\Users\Админ\.m2\repository\net\bytebuddy\byte-buddy\1.12.12\byte-buddy-1.12.12.jar;C:\Users\Админ\.m2\repository\antlr\antlr\2.7.7\antlr-2.7.7.jar;C:\Users\Админ\.m2\repository\org\jboss\jandex\2.4.2.Final\jandex-2.4.2.Final.jar;C:\Users\Админ\.m2\repository\com\fasterxml\classmate\1.5.1\classmate-1.5.1.jar;C:\Users\Админ\.m2\repository\org\hibernate\common\hibernate-commons-annotations\5.1.2.Final\hibernate-commons-annotations-5.1.2.Final.jar;C:\Users\Админ\.m2\repository\org\glassfish\jaxb\jaxb-runtime\2.3.6\jaxb-runtime-2.3.6.jar;C:\Users\Админ\.m2\repository\org\glassfish\jaxb\txw2\2.3.6\txw2-2.3.6.jar;C:\Users\Админ\.m2\repository\com\sun\istack\istack-commons-runtime\3.0.12\istack-commons-runtime-3.0.12.jar;C:\Users\Админ\.m2\repository\com\sun\activation\jakarta.activation\1.2.2\jakarta.activation-1.2.2.jar;C:\Users\Админ\.m2\repository\org\springframework\data\spring-data-jpa\2.7.2\spring-data-jpa-2.7.2.jar;C:\Users\Админ\.m2\repository\org\springframework\data\spring-data-commons\2.7.2\spring-data-commons-2.7.2.jar;C:\Users\Админ\.m2\repository\org\springframework\spring-orm\5.3.22\spring-orm-5.3.22.jar;C:\Users\Админ\.m2\repository\org\springframework\spring-context\5.3.22\spring-context-5.3.22.jar;C:\Users\Админ\.m2\repository\org\springframework\spring-tx\5.3.22\spring-tx-5.3.22.jar;C:\Users\Админ\.m2\repository\org\springframework\spring-beans\5.3.22\spring-beans-5.3.22.jar;C:\Users\Админ\.m2\repository\org\springframework\spring-aspects\5.3.22\spring-aspects-5.3.22.jar;C:\Users\Админ\.m2\repository\org\springframework\boot\spring-boot-starter-web\2.7.2\spring-boot-starter-web-2.7.2.jar;C:\Users\Админ\.m2\repository\org\springframework\boot\spring-boot-starter\2.7.2\spring-boot-starter-2.7.2.jar;C:\Users\Админ\.m2\repository\org\springframework\boot\spring-boot\2.7.2\spring-boot-2.7.2.jar;C:\Users\Админ\.m2\repository\org\springframework\boot\spring-boot-autoconfigure\2.7.2\spring-boot-autoconfigure-2.7.2.jar;C:\Users\Админ\.m2\repository\org\springframework\boot\spring-boot-starter-logging\2.7.2\spring-boot-starter-logging-2.7.2.jar;C:\Users\Админ\.m2\repository\ch\qos\logback\logback-classic\1.2.11\logback-classic-1.2.11.jar;C:\Users\Админ\.m2\repository\ch\qos\logback\logback-core\1.2.11\logback-core-1.2.11.jar;C:\Users\Админ\.m2\repository\org\apache\logging\log4j\log4j-to-slf4j\2.17.2\log4j-to-slf4j-2.17.2.jar;C:\Users\Админ\.m2\repository\org\apache\logging\log4j\log4j-api\2.17.2\log4j-api-2.17.2.jar;C:\Users\Админ\.m2\repository\org\slf4j\jul-to-slf4j\1.7.36\jul-to-slf4j-1.7.36.jar;C:\Users\Админ\.m2\repository\jakarta\annotation\jakarta.annotation-api\1.3.5\jakarta.annotation-api-1.3.5.jar;C:\Users\Админ\.m2\repository\org\yaml\snakeyaml\1.30\snakeyaml-1.30.jar;C:\Users\Админ\.m2\repository\org\springframework\boot\spring-boot-starter-json\2.7.2\spring-boot-starter-json-2.7.2.jar;C:\Users\Админ\.m2\repository\com\fasterxml\jackson\core\jackson-databind\2.13.3\jackson-databind-2.13.3.jar;C:\Users\Админ\.m2\repository\com\fasterxml\jackson\core\jackson-annotations\2.13.3\jackson-annotations-2.13.3.jar;C:\Users\Админ\.m2\repository\com\fasterxml\jackson\core\jackson-core\2.13.3\jackson-core-2.13.3.jar;C:\Users\Админ\.m2\repository\com\fasterxml\jackson\datatype\jackson-datatype-jdk8\2.13.3\jackson-datatype-jdk8-2.13.3.jar;C:\Users\Админ\.m2\repository\com\fasterxml\jackson\datatype\jackson-datatype-jsr310\2.13.3\jackson-datatype-jsr310-2.13.3.jar;C:\Users\Админ\.m2\repository\com\fasterxml\jackson\module\jackson-module-parameter-names\2.13.3\jackson-module-parameter-names-2.13.3.jar;C:\Users\Админ\.m2\repository\org\springframework\boot\spring-boot-starter-tomcat\2.7.2\spring-boot-starter-tomcat-2.7.2.jar;C:\Users\Админ\.m2\repository\org\apache\tomcat\embed\tomcat-embed-core\9.0.65\tomcat-embed-core-9.0.65.jar;C:\Users\Админ\.m2\repository\org\apache\tomcat\embed\tomcat-embed-el\9.0.65\tomcat-embed-el-9.0.65.jar;C:\Users\Админ\.m2\repository\org\apache\tomcat\embed\tomcat-embed-websocket\9.0.65\tomcat-embed-websocket-9.0.65.jar;C:\Users\Админ\.m2\repository\org\springframework\spring-web\5.3.22\spring-web-5.3.22.jar;C:\Users\Админ\.m2\repository\org\springframework\spring-webmvc\5.3.22\spring-webmvc-5.3.22.jar;C:\Users\Админ\.m2\repository\org\springframework\spring-expression\5.3.22\spring-expression-5.3.22.jar;C:\Users\Админ\.m2\repository\org\postgresql\postgresql\42.3.6\postgresql-42.3.6.jar;C:\Users\Админ\.m2\repository\org\checkerframework\checker-qual\3.5.0\checker-qual-3.5.0.jar;C:\Users\Админ\.m2\repository\org\projectlombok\lombok\1.18.24\lombok-1.18.24.jar;C:\Users\Админ\.m2\repository\jakarta\xml\bind\jakarta.xml.bind-api\2.3.3\jakarta.xml.bind-api-2.3.3.jar;C:\Users\Админ\.m2\repository\jakarta\activation\jakarta.activation-api\1.2.2\jakarta.activation-api-1.2.2.jar;C:\Users\Админ\.m2\repository\org\springframework\spring-core\5.3.22\spring-core-5.3.22.jar;C:\Users\Админ\.m2\repository\org\springframework\spring-jcl\5.3.22\spring-jcl-5.3.22.jar;C:\Users\Админ\.m2\repository\org\thymeleaf\thymeleaf\3.0.15.RELEASE\thymeleaf-3.0.15.RELEASE.jar;C:\Users\Админ\.m2\repository\ognl\ognl\3.1.26\ognl-3.1.26.jar;C:\Users\Админ\.m2\repository\org\javassist\javassist\3.20.0-GA\javassist-3.20.0-GA.jar;C:\Users\Админ\.m2\repository\org\attoparser\attoparser\2.0.5.RELEASE\attoparser-2.0.5.RELEASE.jar;C:\Users\Админ\.m2\repository\org\unbescape\unbescape\1.1.6.RELEASE\unbescape-1.1.6.RELEASE.jar;C:\Users\Админ\.m2\repository\org\slf4j\slf4j-api\1.7.36\slf4j-api-1.7.36.jar;C:\Users\Админ\.m2\repository\org\springframework\boot\spring-boot-starter-thymeleaf\2.7.0\spring-boot-starter-thymeleaf-2.7.0.jar;C:\Users\Админ\.m2\repository\org\thymeleaf\thymeleaf-spring5\3.0.15.RELEASE\thymeleaf-spring5-3.0.15.RELEASE.jar;C:\Users\Админ\.m2\repository\org\thymeleaf\extras\thymeleaf-extras-java8time\3.0.4.RELEASE\thymeleaf-extras-java8time-3.0.4.RELEASE.jar;C:\Users\Админ\.m2\repository\org\springframework\boot\spring-boot-starter-security\2.7.2\spring-boot-starter-security-2.7.2.jar;C:\Users\Админ\.m2\repository\org\springframework\spring-aop\5.3.22\spring-aop-5.3.22.jar;C:\Users\Админ\.m2\repository\org\springframework\security\spring-security-config\5.7.2\spring-security-config-5.7.2.jar;C:\Users\Админ\.m2\repository\org\springframework\security\spring-security-web\5.7.2\spring-security-web-5.7.2.jar;C:\Users\Админ\.m2\repository\org\springframework\security\spring-security-core\5.7.2\spring-security-core-5.7.2.jar;C:\Users\Админ\.m2\repository\org\springframework\security\spring-security-crypto\5.7.2\spring-security-crypto-5.7.2.jar;C:\Program Files\JetBrains\IntelliJ IDEA Community Edition 2022.1.1\lib\idea_rt.jar
Launcher Type: SUN_STANDARD

[Global flags]
     intx CICompilerCount                          = 3                                         {product} {ergonomic}
     uint ConcGCThreads                            = 1                                         {product} {ergonomic}
     uint G1ConcRefinementThreads                  = 4                                         {product} {ergonomic}
   size_t G1HeapRegionSize                         = 2097152                                   {product} {ergonomic}
    uintx GCDrainStackTargetSize                   = 64                                        {product} {ergonomic}
   size_t InitialHeapSize                          = 268435456                                 {product} {ergonomic}
   size_t MarkStackSize                            = 4194304                                   {product} {ergonomic}
   size_t MaxHeapSize                              = 4265607168                                {product} {ergonomic}
   size_t MaxNewSize                               = 2558525440                                {product} {ergonomic}
   size_t MinHeapDeltaBytes                        = 2097152                                   {product} {ergonomic}
   size_t MinHeapSize                              = 8388608                                   {product} {ergonomic}
    uintx NonNMethodCodeHeapSize                   = 5832780                                {pd product} {ergonomic}
    uintx NonProfiledCodeHeapSize                  = 122912730                              {pd product} {ergonomic}
    uintx ProfiledCodeHeapSize                     = 122912730                              {pd product} {ergonomic}
    uintx ReservedCodeCacheSize                    = 251658240                              {pd product} {ergonomic}
     bool SegmentedCodeCache                       = true                                      {product} {ergonomic}
   size_t SoftMaxHeapSize                          = 4265607168                             {manageable} {ergonomic}
     bool UseCompressedClassPointers               = true                           {product lp64_product} {ergonomic}
     bool UseCompressedOops                        = true                           {product lp64_product} {ergonomic}
     bool UseG1GC                                  = true                                      {product} {ergonomic}
     bool UseLargePagesIndividualAllocation        = false                                  {pd product} {ergonomic}

Logging:
Log output configuration:
 #0: stdout all=warning uptime,level,tags foldmultilines=false
 #1: stderr all=off uptime,level,tags foldmultilines=false

Environment Variables:
PATH=C:\WINDOWS\system32;C:\WINDOWS;C:\WINDOWS\System32\Wbem;C:\WINDOWS\System32\WindowsPowerShell\v1.0\;C:\WINDOWS\System32\OpenSSH\;C:\Program Files\Git\cmd;C:\Users\Админ\AppData\Local\Microsoft\WindowsApps;C:\Program Files\heroku\bin
USERNAME=Админ
OS=Windows_NT
PROCESSOR_IDENTIFIER=Intel64 Family 6 Model 142 Stepping 9, GenuineIntel



---------------  S Y S T E M  ---------------

OS:
 Windows 10 , 64 bit Build 19041 (10.0.19041.1806)
OS uptime: 23 days 5:36 hours

CPU: total 4 (initial active 4) (2 cores per cpu, 2 threads per core) family 6 model 142 stepping 9 microcode 0xb4, cx8, cmov, fxsr, ht, mmx, 3dnowpref, sse, sse2, sse3, ssse3, sse4.1, sse4.2, popcnt, lzcnt, tsc, tscinvbit, avx, avx2, aes, erms, clmul, bmi1, bmi2, adx, fma, vzeroupper, clflush, clflushopt

Memory: 4k page, system-wide physical 16265M (2656M free)
TotalPageFile size 47091M (AvailPageFile size 5M)
current process WorkingSet (physical memory assigned to process): 134M, peak: 134M
current process commit charge ("private bytes"): 382M, peak: 382M

vm_info: OpenJDK 64-Bit Server VM (18.0.1.1+2-6) for windows-amd64 JRE (18.0.1.1+2-6), built on Apr 25 2022 21:50:56 by "mach5one" with MS VC++ 16.8 / 16.9 (VS2019)

END.
