#
# There is insufficient memory for the Java Runtime Environment to continue.
# Native memory allocation (malloc) failed to allocate 856016 bytes for Chunk::new
# Possible reasons:
#   The system is out of physical RAM or swap space
#   The process is running with CompressedOops enabled, and the Java Heap may be blocking the growth of the native heap
# Possible solutions:
#   Reduce memory load on the system
#   Increase physical memory or swap space
#   Check if swap backing store is full
#   Decrease Java heap size (-Xmx/-Xms)
#   Decrease number of Java threads
#   Decrease Java thread stack sizes (-Xss)
#   Set larger code cache with -XX:ReservedCodeCacheSize=
#   JVM is running with Zero Based Compressed Oops mode in which the Java heap is
#     placed in the first 32GB address space. The Java Heap base address is the
#     maximum limit for the native heap growth. Please use -XX:HeapBaseMinAddress
#     to set the Java Heap base and to place the Java Heap above 32GB virtual address.
# This output file may be truncated or incomplete.
#
#  Out of Memory Error (arena.cpp:184), pid=24676, tid=10968
#
# JRE version: OpenJDK Runtime Environment (18.0.1.1+2) (build 18.0.1.1+2-6)
# Java VM: OpenJDK 64-Bit Server VM (18.0.1.1+2-6, mixed mode, sharing, tiered, compressed oops, compressed class ptrs, g1 gc, windows-amd64)
# No core dump will be written. Minidumps are not enabled by default on client versions of Windows
#

---------------  S U M M A R Y ------------

Command Line: -javaagent:C:\Program Files\JetBrains\IntelliJ IDEA Community Edition 2022.1.1\lib\idea_rt.jar=64773:C:\Program Files\JetBrains\IntelliJ IDEA Community Edition 2022.1.1\bin -Dfile.encoding=UTF-8 com.project.demoSpringDiary.DemoSpringDiaryApplication

Host: Intel(R) Core(TM) i7-7500U CPU @ 2.70GHz, 4 cores, 15G,  Windows 10 , 64 bit Build 19041 (10.0.19041.1806)
Time: Sun Aug  7 14:32:24 2022  Windows 10 , 64 bit Build 19041 (10.0.19041.1806) elapsed time: 2.589995 seconds (0d 0h 0m 2s)

---------------  T H R E A D  ---------------

Current thread (0x000001e4dd16c200):  JavaThread "C2 CompilerThread0" daemon [_thread_in_native, id=10968, stack(0x000000d0a2700000,0x000000d0a2800000)]


Current CompileTask:
C2:   2590 2589   !   4       java.net.URL::<init> (543 bytes)

Stack: [0x000000d0a2700000,0x000000d0a2800000]
Native frames: (J=compiled Java code, j=interpreted, Vv=VM code, C=native code)
V  [jvm.dll+0x69887a]
V  [jvm.dll+0x7f38bd]
V  [jvm.dll+0x7f51ce]
V  [jvm.dll+0x7f5883]
V  [jvm.dll+0x25ca3f]
V  [jvm.dll+0xb8c2f]
V  [jvm.dll+0xb8fa5]
V  [jvm.dll+0x385a31]
V  [jvm.dll+0x1d27c2]
V  [jvm.dll+0x22fd79]
V  [jvm.dll+0x22eff1]
V  [jvm.dll+0x1b9cfc]
V  [jvm.dll+0x23e8ca]
V  [jvm.dll+0x23cbb5]
V  [jvm.dll+0x7a5fb1]
V  [jvm.dll+0x7a03ea]
V  [jvm.dll+0x697725]
C  [ucrtbase.dll+0x21bb2]
C  [KERNEL32.DLL+0x17034]
C  [ntdll.dll+0x52651]


---------------  P R O C E S S  ---------------

Threads class SMR info:
_java_thread_list=0x000001e4e9e08140, length=14, elements={
0x000001e4bac7d480, 0x000001e4dd1442a0, 0x000001e4dd1456a0, 0x000001e4dd1628a0,
0x000001e4dd163240, 0x000001e4dd164380, 0x000001e4dd167610, 0x000001e4dd16c200,
0x000001e4dd16db20, 0x000001e4dd16ece0, 0x000001e4dd12dd30, 0x000001e4e15b4170,
0x000001e4e15b4630, 0x000001e4e1ba1630
}

Java Threads: ( => current thread )
  0x000001e4bac7d480 JavaThread "main" [_thread_in_Java, id=25980, stack(0x000000d0a1a00000,0x000000d0a1b00000)]
  0x000001e4dd1442a0 JavaThread "Reference Handler" daemon [_thread_blocked, id=16892, stack(0x000000d0a2100000,0x000000d0a2200000)]
  0x000001e4dd1456a0 JavaThread "Finalizer" daemon [_thread_blocked, id=23380, stack(0x000000d0a2200000,0x000000d0a2300000)]
  0x000001e4dd1628a0 JavaThread "Signal Dispatcher" daemon [_thread_blocked, id=23688, stack(0x000000d0a2300000,0x000000d0a2400000)]
  0x000001e4dd163240 JavaThread "Attach Listener" daemon [_thread_blocked, id=27108, stack(0x000000d0a2400000,0x000000d0a2500000)]
  0x000001e4dd164380 JavaThread "Service Thread" daemon [_thread_blocked, id=16592, stack(0x000000d0a2500000,0x000000d0a2600000)]
  0x000001e4dd167610 JavaThread "Monitor Deflation Thread" daemon [_thread_blocked, id=1344, stack(0x000000d0a2600000,0x000000d0a2700000)]
=>0x000001e4dd16c200 JavaThread "C2 CompilerThread0" daemon [_thread_in_native, id=10968, stack(0x000000d0a2700000,0x000000d0a2800000)]
  0x000001e4dd16db20 JavaThread "C1 CompilerThread0" daemon [_thread_blocked, id=17876, stack(0x000000d0a2800000,0x000000d0a2900000)]
  0x000001e4dd16ece0 JavaThread "Sweeper thread" daemon [_thread_blocked, id=9668, stack(0x000000d0a2900000,0x000000d0a2a00000)]
  0x000001e4dd12dd30 JavaThread "Common-Cleaner" daemon [_thread_blocked, id=1808, stack(0x000000d0a2a00000,0x000000d0a2b00000)]
  0x000001e4e15b4170 JavaThread "Monitor Ctrl-Break" daemon [_thread_in_native, id=16452, stack(0x000000d0a2c00000,0x000000d0a2d00000)]
  0x000001e4e15b4630 JavaThread "Notification Thread" daemon [_thread_blocked, id=18348, stack(0x000000d0a2d00000,0x000000d0a2e00000)]
  0x000001e4e1ba1630 JavaThread "C2 CompilerThread1" daemon [_thread_in_native, id=26440, stack(0x000000d0a2b00000,0x000000d0a2c00000)]

Other Threads:
  0x000001e4dd140b00 VMThread "VM Thread" [stack: 0x000000d0a2000000,0x000000d0a2100000] [id=12384]
  0x000001e4e15b4af0 WatcherThread "VM Periodic Task Thread" [stack: 0x000000d0a2e00000,0x000000d0a2f00000] [id=19492]
  0x000001e4bacedb80 WorkerThread "GC Thread#0" [stack: 0x000000d0a1b00000,0x000000d0a1c00000] [id=1468]
  0x000001e4e1b0e2f0 WorkerThread "GC Thread#1" [stack: 0x000000d0a2f00000,0x000000d0a3000000] [id=3324]
  0x000001e4e1cbdaf0 WorkerThread "GC Thread#2" [stack: 0x000000d0a3000000,0x000000d0a3100000] [id=5692]
  0x000001e4e1aa5cf0 WorkerThread "GC Thread#3" [stack: 0x000000d0a3100000,0x000000d0a3200000] [id=16056]
  0x000001e4b8addf70 ConcurrentGCThread "G1 Main Marker" [stack: 0x000000d0a1c00000,0x000000d0a1d00000] [id=21080]
  0x000001e4b8ade960 WorkerThread "G1 Conc#0" [stack: 0x000000d0a1d00000,0x000000d0a1e00000] [id=22704]
  0x000001e4bad3a310 ConcurrentGCThread "G1 Refine#0" [stack: 0x000000d0a1e00000,0x000000d0a1f00000] [id=26788]
  0x000001e4e1b6e290 ConcurrentGCThread "G1 Refine#1" [stack: 0x000000d0a3200000,0x000000d0a3300000] [id=15856]
  0x000001e4bad3ac20 ConcurrentGCThread "G1 Service" [stack: 0x000000d0a1f00000,0x000000d0a2000000] [id=19500]

Threads with active compile tasks:
C2 CompilerThread0     2613 2589   !   4       java.net.URL::<init> (543 bytes)
C2 CompilerThread1     2613 2734   !   4       jdk.internal.loader.BuiltinClassLoader::loadClassOrNull (143 bytes)

VM state: not at safepoint (normal execution)

VM Mutex/Monitor currently owned by a thread: None

Heap address: 0x0000000701c00000, size: 4068 MB, Compressed Oops mode: Zero based, Oop shift amount: 3

CDS archive(s) mapped at: [0x0000000800000000-0x0000000800b90000-0x0000000800b90000), size 12124160, SharedBaseAddress: 0x0000000800000000, ArchiveRelocationMode: 0.
Compressed class space mapped at: 0x0000000800c00000-0x0000000840c00000, reserved size: 1073741824
Narrow klass base: 0x0000000800000000, Narrow klass shift: 0, Narrow klass range: 0x100000000

GC Precious Log:
 CardTable entry size: 512
 Card Set container configuration: InlinePtr #cards 4 size 8 Array Of Cards #cards 16 size 48 Howl #buckets 8 coarsen threshold 3686 Howl Bitmap #cards 512 size 80 coarsen threshold 460 Card regions per heap region 1 cards per card region 4096
 CPUs: 4 total, 4 available
 Memory: 16265M
 Large Page Support: Disabled
 NUMA Support: Disabled
 Compressed Oops: Enabled (Zero based)
 Heap Region Size: 2M
 Heap Min Capacity: 8M
 Heap Initial Capacity: 256M
 Heap Max Capacity: 4068M
 Pre-touch: Disabled
 Parallel Workers: 4
 Concurrent Workers: 1
 Concurrent Refinement Workers: 4
 Periodic GC: Disabled

Heap:
 garbage-first heap   total 262144K, used 47635K [0x0000000701c00000, 0x0000000800000000)
  region size 2048K, 23 young (47104K), 2 survivors (4096K)
 Metaspace       used 18920K, committed 19200K, reserved 1114112K
  class space    used 2258K, committed 2432K, reserved 1048576K

Heap Regions: E=young(eden), S=young(survivor), O=old, HS=humongous(starts), HC=humongous(continues), CS=collection set, F=free, OA=open archive, CA=closed archive, TAMS=top-at-mark-start (previous, next)
|   0|0x0000000701c00000, 0x0000000701e00000, 0x0000000701e00000|100%| O|  |TAMS 0x0000000701c00000, 0x0000000701c00000| Untracked 
|   1|0x0000000701e00000, 0x0000000702000000, 0x0000000702000000|100%| O|  |TAMS 0x0000000701e00000, 0x0000000701e00000| Untracked 
|   2|0x0000000702000000, 0x00000007021c9600, 0x0000000702200000| 89%| O|  |TAMS 0x0000000702000000, 0x0000000702000000| Untracked 
|   3|0x0000000702200000, 0x0000000702200000, 0x0000000702400000|  0%| F|  |TAMS 0x0000000702200000, 0x0000000702200000| Untracked 
|   4|0x0000000702400000, 0x0000000702400000, 0x0000000702600000|  0%| F|  |TAMS 0x0000000702400000, 0x0000000702400000| Untracked 
|   5|0x0000000702600000, 0x0000000702600000, 0x0000000702800000|  0%| F|  |TAMS 0x0000000702600000, 0x0000000702600000| Untracked 
|   6|0x0000000702800000, 0x0000000702800000, 0x0000000702a00000|  0%| F|  |TAMS 0x0000000702800000, 0x0000000702800000| Untracked 
|   7|0x0000000702a00000, 0x0000000702a00000, 0x0000000702c00000|  0%| F|  |TAMS 0x0000000702a00000, 0x0000000702a00000| Untracked 
|   8|0x0000000702c00000, 0x0000000702c00000, 0x0000000702e00000|  0%| F|  |TAMS 0x0000000702c00000, 0x0000000702c00000| Untracked 
|   9|0x0000000702e00000, 0x0000000702e00000, 0x0000000703000000|  0%| F|  |TAMS 0x0000000702e00000, 0x0000000702e00000| Untracked 
|  10|0x0000000703000000, 0x0000000703000000, 0x0000000703200000|  0%| F|  |TAMS 0x0000000703000000, 0x0000000703000000| Untracked 
|  11|0x0000000703200000, 0x0000000703200000, 0x0000000703400000|  0%| F|  |TAMS 0x0000000703200000, 0x0000000703200000| Untracked 
|  12|0x0000000703400000, 0x0000000703400000, 0x0000000703600000|  0%| F|  |TAMS 0x0000000703400000, 0x0000000703400000| Untracked 
|  13|0x0000000703600000, 0x0000000703600000, 0x0000000703800000|  0%| F|  |TAMS 0x0000000703600000, 0x0000000703600000| Untracked 
|  14|0x0000000703800000, 0x0000000703800000, 0x0000000703a00000|  0%| F|  |TAMS 0x0000000703800000, 0x0000000703800000| Untracked 
|  15|0x0000000703a00000, 0x0000000703a00000, 0x0000000703c00000|  0%| F|  |TAMS 0x0000000703a00000, 0x0000000703a00000| Untracked 
|  16|0x0000000703c00000, 0x0000000703c00000, 0x0000000703e00000|  0%| F|  |TAMS 0x0000000703c00000, 0x0000000703c00000| Untracked 
|  17|0x0000000703e00000, 0x0000000703e00000, 0x0000000704000000|  0%| F|  |TAMS 0x0000000703e00000, 0x0000000703e00000| Untracked 
|  18|0x0000000704000000, 0x0000000704000000, 0x0000000704200000|  0%| F|  |TAMS 0x0000000704000000, 0x0000000704000000| Untracked 
|  19|0x0000000704200000, 0x0000000704200000, 0x0000000704400000|  0%| F|  |TAMS 0x0000000704200000, 0x0000000704200000| Untracked 
|  20|0x0000000704400000, 0x0000000704400000, 0x0000000704600000|  0%| F|  |TAMS 0x0000000704400000, 0x0000000704400000| Untracked 
|  21|0x0000000704600000, 0x0000000704600000, 0x0000000704800000|  0%| F|  |TAMS 0x0000000704600000, 0x0000000704600000| Untracked 
|  22|0x0000000704800000, 0x0000000704800000, 0x0000000704a00000|  0%| F|  |TAMS 0x0000000704800000, 0x0000000704800000| Untracked 
|  23|0x0000000704a00000, 0x0000000704a00000, 0x0000000704c00000|  0%| F|  |TAMS 0x0000000704a00000, 0x0000000704a00000| Untracked 
|  24|0x0000000704c00000, 0x0000000704c00000, 0x0000000704e00000|  0%| F|  |TAMS 0x0000000704c00000, 0x0000000704c00000| Untracked 
|  25|0x0000000704e00000, 0x0000000704e00000, 0x0000000705000000|  0%| F|  |TAMS 0x0000000704e00000, 0x0000000704e00000| Untracked 
|  26|0x0000000705000000, 0x0000000705000000, 0x0000000705200000|  0%| F|  |TAMS 0x0000000705000000, 0x0000000705000000| Untracked 
|  27|0x0000000705200000, 0x0000000705200000, 0x0000000705400000|  0%| F|  |TAMS 0x0000000705200000, 0x0000000705200000| Untracked 
|  28|0x0000000705400000, 0x0000000705400000, 0x0000000705600000|  0%| F|  |TAMS 0x0000000705400000, 0x0000000705400000| Untracked 
|  29|0x0000000705600000, 0x0000000705600000, 0x0000000705800000|  0%| F|  |TAMS 0x0000000705600000, 0x0000000705600000| Untracked 
|  30|0x0000000705800000, 0x0000000705800000, 0x0000000705a00000|  0%| F|  |TAMS 0x0000000705800000, 0x0000000705800000| Untracked 
|  31|0x0000000705a00000, 0x0000000705a00000, 0x0000000705c00000|  0%| F|  |TAMS 0x0000000705a00000, 0x0000000705a00000| Untracked 
|  32|0x0000000705c00000, 0x0000000705c00000, 0x0000000705e00000|  0%| F|  |TAMS 0x0000000705c00000, 0x0000000705c00000| Untracked 
|  33|0x0000000705e00000, 0x0000000705e00000, 0x0000000706000000|  0%| F|  |TAMS 0x0000000705e00000, 0x0000000705e00000| Untracked 
|  34|0x0000000706000000, 0x0000000706000000, 0x0000000706200000|  0%| F|  |TAMS 0x0000000706000000, 0x0000000706000000| Untracked 
|  35|0x0000000706200000, 0x0000000706200000, 0x0000000706400000|  0%| F|  |TAMS 0x0000000706200000, 0x0000000706200000| Untracked 
|  36|0x0000000706400000, 0x0000000706400000, 0x0000000706600000|  0%| F|  |TAMS 0x0000000706400000, 0x0000000706400000| Untracked 
|  37|0x0000000706600000, 0x0000000706600000, 0x0000000706800000|  0%| F|  |TAMS 0x0000000706600000, 0x0000000706600000| Untracked 
|  38|0x0000000706800000, 0x0000000706800000, 0x0000000706a00000|  0%| F|  |TAMS 0x0000000706800000, 0x0000000706800000| Untracked 
|  39|0x0000000706a00000, 0x0000000706a00000, 0x0000000706c00000|  0%| F|  |TAMS 0x0000000706a00000, 0x0000000706a00000| Untracked 
|  40|0x0000000706c00000, 0x0000000706c00000, 0x0000000706e00000|  0%| F|  |TAMS 0x0000000706c00000, 0x0000000706c00000| Untracked 
|  41|0x0000000706e00000, 0x0000000706e00000, 0x0000000707000000|  0%| F|  |TAMS 0x0000000706e00000, 0x0000000706e00000| Untracked 
|  42|0x0000000707000000, 0x0000000707000000, 0x0000000707200000|  0%| F|  |TAMS 0x0000000707000000, 0x0000000707000000| Untracked 
|  43|0x0000000707200000, 0x0000000707200000, 0x0000000707400000|  0%| F|  |TAMS 0x0000000707200000, 0x0000000707200000| Untracked 
|  44|0x0000000707400000, 0x0000000707400000, 0x0000000707600000|  0%| F|  |TAMS 0x0000000707400000, 0x0000000707400000| Untracked 
|  45|0x0000000707600000, 0x0000000707600000, 0x0000000707800000|  0%| F|  |TAMS 0x0000000707600000, 0x0000000707600000| Untracked 
|  46|0x0000000707800000, 0x0000000707800000, 0x0000000707a00000|  0%| F|  |TAMS 0x0000000707800000, 0x0000000707800000| Untracked 
|  47|0x0000000707a00000, 0x0000000707a00000, 0x0000000707c00000|  0%| F|  |TAMS 0x0000000707a00000, 0x0000000707a00000| Untracked 
|  48|0x0000000707c00000, 0x0000000707c00000, 0x0000000707e00000|  0%| F|  |TAMS 0x0000000707c00000, 0x0000000707c00000| Untracked 
|  49|0x0000000707e00000, 0x0000000707e00000, 0x0000000708000000|  0%| F|  |TAMS 0x0000000707e00000, 0x0000000707e00000| Untracked 
|  50|0x0000000708000000, 0x0000000708000000, 0x0000000708200000|  0%| F|  |TAMS 0x0000000708000000, 0x0000000708000000| Untracked 
|  51|0x0000000708200000, 0x0000000708200000, 0x0000000708400000|  0%| F|  |TAMS 0x0000000708200000, 0x0000000708200000| Untracked 
|  52|0x0000000708400000, 0x0000000708400000, 0x0000000708600000|  0%| F|  |TAMS 0x0000000708400000, 0x0000000708400000| Untracked 
|  53|0x0000000708600000, 0x0000000708600000, 0x0000000708800000|  0%| F|  |TAMS 0x0000000708600000, 0x0000000708600000| Untracked 
|  54|0x0000000708800000, 0x0000000708800000, 0x0000000708a00000|  0%| F|  |TAMS 0x0000000708800000, 0x0000000708800000| Untracked 
|  55|0x0000000708a00000, 0x0000000708a00000, 0x0000000708c00000|  0%| F|  |TAMS 0x0000000708a00000, 0x0000000708a00000| Untracked 
|  56|0x0000000708c00000, 0x0000000708c00000, 0x0000000708e00000|  0%| F|  |TAMS 0x0000000708c00000, 0x0000000708c00000| Untracked 
|  57|0x0000000708e00000, 0x0000000708e00000, 0x0000000709000000|  0%| F|  |TAMS 0x0000000708e00000, 0x0000000708e00000| Untracked 
|  58|0x0000000709000000, 0x0000000709000000, 0x0000000709200000|  0%| F|  |TAMS 0x0000000709000000, 0x0000000709000000| Untracked 
|  59|0x0000000709200000, 0x0000000709200000, 0x0000000709400000|  0%| F|  |TAMS 0x0000000709200000, 0x0000000709200000| Untracked 
|  60|0x0000000709400000, 0x0000000709400000, 0x0000000709600000|  0%| F|  |TAMS 0x0000000709400000, 0x0000000709400000| Untracked 
|  61|0x0000000709600000, 0x0000000709600000, 0x0000000709800000|  0%| F|  |TAMS 0x0000000709600000, 0x0000000709600000| Untracked 
|  62|0x0000000709800000, 0x0000000709800000, 0x0000000709a00000|  0%| F|  |TAMS 0x0000000709800000, 0x0000000709800000| Untracked 
|  63|0x0000000709a00000, 0x0000000709a00000, 0x0000000709c00000|  0%| F|  |TAMS 0x0000000709a00000, 0x0000000709a00000| Untracked 
|  64|0x0000000709c00000, 0x0000000709c00000, 0x0000000709e00000|  0%| F|  |TAMS 0x0000000709c00000, 0x0000000709c00000| Untracked 
|  65|0x0000000709e00000, 0x0000000709e00000, 0x000000070a000000|  0%| F|  |TAMS 0x0000000709e00000, 0x0000000709e00000| Untracked 
|  66|0x000000070a000000, 0x000000070a000000, 0x000000070a200000|  0%| F|  |TAMS 0x000000070a000000, 0x000000070a000000| Untracked 
|  67|0x000000070a200000, 0x000000070a200000, 0x000000070a400000|  0%| F|  |TAMS 0x000000070a200000, 0x000000070a200000| Untracked 
|  68|0x000000070a400000, 0x000000070a400000, 0x000000070a600000|  0%| F|  |TAMS 0x000000070a400000, 0x000000070a400000| Untracked 
|  69|0x000000070a600000, 0x000000070a600000, 0x000000070a800000|  0%| F|  |TAMS 0x000000070a600000, 0x000000070a600000| Untracked 
|  70|0x000000070a800000, 0x000000070a800000, 0x000000070aa00000|  0%| F|  |TAMS 0x000000070a800000, 0x000000070a800000| Untracked 
|  71|0x000000070aa00000, 0x000000070aa00000, 0x000000070ac00000|  0%| F|  |TAMS 0x000000070aa00000, 0x000000070aa00000| Untracked 
|  72|0x000000070ac00000, 0x000000070ac00000, 0x000000070ae00000|  0%| F|  |TAMS 0x000000070ac00000, 0x000000070ac00000| Untracked 
|  73|0x000000070ae00000, 0x000000070ae00000, 0x000000070b000000|  0%| F|  |TAMS 0x000000070ae00000, 0x000000070ae00000| Untracked 
|  74|0x000000070b000000, 0x000000070b000000, 0x000000070b200000|  0%| F|  |TAMS 0x000000070b000000, 0x000000070b000000| Untracked 
|  75|0x000000070b200000, 0x000000070b200000, 0x000000070b400000|  0%| F|  |TAMS 0x000000070b200000, 0x000000070b200000| Untracked 
|  76|0x000000070b400000, 0x000000070b400000, 0x000000070b600000|  0%| F|  |TAMS 0x000000070b400000, 0x000000070b400000| Untracked 
|  77|0x000000070b600000, 0x000000070b600000, 0x000000070b800000|  0%| F|  |TAMS 0x000000070b600000, 0x000000070b600000| Untracked 
|  78|0x000000070b800000, 0x000000070b800000, 0x000000070ba00000|  0%| F|  |TAMS 0x000000070b800000, 0x000000070b800000| Untracked 
|  79|0x000000070ba00000, 0x000000070ba00000, 0x000000070bc00000|  0%| F|  |TAMS 0x000000070ba00000, 0x000000070ba00000| Untracked 
|  80|0x000000070bc00000, 0x000000070bc00000, 0x000000070be00000|  0%| F|  |TAMS 0x000000070bc00000, 0x000000070bc00000| Untracked 
|  81|0x000000070be00000, 0x000000070be00000, 0x000000070c000000|  0%| F|  |TAMS 0x000000070be00000, 0x000000070be00000| Untracked 
|  82|0x000000070c000000, 0x000000070c000000, 0x000000070c200000|  0%| F|  |TAMS 0x000000070c000000, 0x000000070c000000| Untracked 
|  83|0x000000070c200000, 0x000000070c200000, 0x000000070c400000|  0%| F|  |TAMS 0x000000070c200000, 0x000000070c200000| Untracked 
|  84|0x000000070c400000, 0x000000070c400000, 0x000000070c600000|  0%| F|  |TAMS 0x000000070c400000, 0x000000070c400000| Untracked 
|  85|0x000000070c600000, 0x000000070c600000, 0x000000070c800000|  0%| F|  |TAMS 0x000000070c600000, 0x000000070c600000| Untracked 
|  86|0x000000070c800000, 0x000000070c800000, 0x000000070ca00000|  0%| F|  |TAMS 0x000000070c800000, 0x000000070c800000| Untracked 
|  87|0x000000070ca00000, 0x000000070ca00000, 0x000000070cc00000|  0%| F|  |TAMS 0x000000070ca00000, 0x000000070ca00000| Untracked 
|  88|0x000000070cc00000, 0x000000070cc00000, 0x000000070ce00000|  0%| F|  |TAMS 0x000000070cc00000, 0x000000070cc00000| Untracked 
|  89|0x000000070ce00000, 0x000000070ce00000, 0x000000070d000000|  0%| F|  |TAMS 0x000000070ce00000, 0x000000070ce00000| Untracked 
|  90|0x000000070d000000, 0x000000070d000000, 0x000000070d200000|  0%| F|  |TAMS 0x000000070d000000, 0x000000070d000000| Untracked 
|  91|0x000000070d200000, 0x000000070d200000, 0x000000070d400000|  0%| F|  |TAMS 0x000000070d200000, 0x000000070d200000| Untracked 
|  92|0x000000070d400000, 0x000000070d400000, 0x000000070d600000|  0%| F|  |TAMS 0x000000070d400000, 0x000000070d400000| Untracked 
|  93|0x000000070d600000, 0x000000070d600000, 0x000000070d800000|  0%| F|  |TAMS 0x000000070d600000, 0x000000070d600000| Untracked 
|  94|0x000000070d800000, 0x000000070d800000, 0x000000070da00000|  0%| F|  |TAMS 0x000000070d800000, 0x000000070d800000| Untracked 
|  95|0x000000070da00000, 0x000000070da00000, 0x000000070dc00000|  0%| F|  |TAMS 0x000000070da00000, 0x000000070da00000| Untracked 
|  96|0x000000070dc00000, 0x000000070dc00000, 0x000000070de00000|  0%| F|  |TAMS 0x000000070dc00000, 0x000000070dc00000| Untracked 
|  97|0x000000070de00000, 0x000000070de00000, 0x000000070e000000|  0%| F|  |TAMS 0x000000070de00000, 0x000000070de00000| Untracked 
|  98|0x000000070e000000, 0x000000070e000000, 0x000000070e200000|  0%| F|  |TAMS 0x000000070e000000, 0x000000070e000000| Untracked 
|  99|0x000000070e200000, 0x000000070e200000, 0x000000070e400000|  0%| F|  |TAMS 0x000000070e200000, 0x000000070e200000| Untracked 
| 100|0x000000070e400000, 0x000000070e400000, 0x000000070e600000|  0%| F|  |TAMS 0x000000070e400000, 0x000000070e400000| Untracked 
| 101|0x000000070e600000, 0x000000070e600000, 0x000000070e800000|  0%| F|  |TAMS 0x000000070e600000, 0x000000070e600000| Untracked 
| 102|0x000000070e800000, 0x000000070e800000, 0x000000070ea00000|  0%| F|  |TAMS 0x000000070e800000, 0x000000070e800000| Untracked 
| 103|0x000000070ea00000, 0x000000070ea00000, 0x000000070ec00000|  0%| F|  |TAMS 0x000000070ea00000, 0x000000070ea00000| Untracked 
| 104|0x000000070ec00000, 0x000000070ec00000, 0x000000070ee00000|  0%| F|  |TAMS 0x000000070ec00000, 0x000000070ec00000| Untracked 
| 105|0x000000070ee00000, 0x000000070f000000, 0x000000070f000000|100%| E|  |TAMS 0x000000070ee00000, 0x000000070ee00000| Complete 
| 106|0x000000070f000000, 0x000000070f200000, 0x000000070f200000|100%| E|CS|TAMS 0x000000070f000000, 0x000000070f000000| Complete 
| 107|0x000000070f200000, 0x000000070f400000, 0x000000070f400000|100%| E|CS|TAMS 0x000000070f200000, 0x000000070f200000| Complete 
| 108|0x000000070f400000, 0x000000070f600000, 0x000000070f600000|100%| E|CS|TAMS 0x000000070f400000, 0x000000070f400000| Complete 
| 109|0x000000070f600000, 0x000000070f800000, 0x000000070f800000|100%| E|CS|TAMS 0x000000070f600000, 0x000000070f600000| Complete 
| 110|0x000000070f800000, 0x000000070fa00000, 0x000000070fa00000|100%| E|CS|TAMS 0x000000070f800000, 0x000000070f800000| Complete 
| 111|0x000000070fa00000, 0x000000070fc00000, 0x000000070fc00000|100%| E|CS|TAMS 0x000000070fa00000, 0x000000070fa00000| Complete 
| 112|0x000000070fc00000, 0x000000070fe00000, 0x000000070fe00000|100%| E|CS|TAMS 0x000000070fc00000, 0x000000070fc00000| Complete 
| 113|0x000000070fe00000, 0x0000000710000000, 0x0000000710000000|100%| E|CS|TAMS 0x000000070fe00000, 0x000000070fe00000| Complete 
| 114|0x0000000710000000, 0x00000007100bb620, 0x0000000710200000| 36%| S|CS|TAMS 0x0000000710000000, 0x0000000710000000| Complete 
| 115|0x0000000710200000, 0x0000000710400000, 0x0000000710400000|100%| S|CS|TAMS 0x0000000710200000, 0x0000000710200000| Complete 
| 116|0x0000000710400000, 0x0000000710600000, 0x0000000710600000|100%| E|CS|TAMS 0x0000000710400000, 0x0000000710400000| Complete 
| 117|0x0000000710600000, 0x0000000710800000, 0x0000000710800000|100%| E|  |TAMS 0x0000000710600000, 0x0000000710600000| Complete 
| 118|0x0000000710800000, 0x0000000710a00000, 0x0000000710a00000|100%| E|CS|TAMS 0x0000000710800000, 0x0000000710800000| Complete 
| 119|0x0000000710a00000, 0x0000000710c00000, 0x0000000710c00000|100%| E|CS|TAMS 0x0000000710a00000, 0x0000000710a00000| Complete 
| 120|0x0000000710c00000, 0x0000000710e00000, 0x0000000710e00000|100%| E|CS|TAMS 0x0000000710c00000, 0x0000000710c00000| Complete 
| 121|0x0000000710e00000, 0x0000000711000000, 0x0000000711000000|100%| E|CS|TAMS 0x0000000710e00000, 0x0000000710e00000| Complete 
| 122|0x0000000711000000, 0x0000000711200000, 0x0000000711200000|100%| E|CS|TAMS 0x0000000711000000, 0x0000000711000000| Complete 
| 123|0x0000000711200000, 0x0000000711400000, 0x0000000711400000|100%| E|CS|TAMS 0x0000000711200000, 0x0000000711200000| Complete 
| 124|0x0000000711400000, 0x0000000711600000, 0x0000000711600000|100%| E|CS|TAMS 0x0000000711400000, 0x0000000711400000| Complete 
| 125|0x0000000711600000, 0x0000000711800000, 0x0000000711800000|100%| E|CS|TAMS 0x0000000711600000, 0x0000000711600000| Complete 
| 126|0x0000000711800000, 0x0000000711a00000, 0x0000000711a00000|100%| E|CS|TAMS 0x0000000711800000, 0x0000000711800000| Complete 
| 127|0x0000000711a00000, 0x0000000711c00000, 0x0000000711c00000|100%| E|CS|TAMS 0x0000000711a00000, 0x0000000711a00000| Complete 

Card table byte_map: [0x000001e4d1db0000,0x000001e4d25b0000] _byte_map_base: 0x000001e4ce5a2000

Marking Bits (Prev, Next): (CMBitMap*) 0x000001e4bacee180, (CMBitMap*) 0x000001e4bacee1c0
 Prev Bits: [0x000001e4d2db0000, 0x000001e4d6d40000)
 Next Bits: [0x000001e4d6d40000, 0x000001e4dacd0000)

Polling page: 0x000001e4b8be0000

Metaspace:

Usage:
  Non-class:     16.28 MB used.
      Class:      2.21 MB used.
       Both:     18.49 MB used.

Virtual space:
  Non-class space:       64.00 MB reserved,      16.38 MB ( 26%) committed,  1 nodes.
      Class space:        1.00 GB reserved,       2.38 MB ( <1%) committed,  1 nodes.
             Both:        1.06 GB reserved,      18.75 MB (  2%) committed. 

Chunk freelists:
   Non-Class:  3.19 MB
       Class:  1.66 MB
        Both:  4.85 MB

MaxMetaspaceSize: unlimited
CompressedClassSpaceSize: 1.00 GB
Initial GC threshold: 21.00 MB
Current GC threshold: 21.00 MB
CDS: on
MetaspaceReclaimPolicy: balanced
 - commit_granule_bytes: 65536.
 - commit_granule_words: 8192.
 - virtual_space_node_default_size: 8388608.
 - enlarge_chunks_in_place: 1.
 - new_chunks_are_fully_committed: 0.
 - uncommit_free_chunks: 1.
 - use_allocation_guard: 0.


Internal statistics:

num_allocs_failed_limit: 0.
num_arena_births: 246.
num_arena_deaths: 0.
num_vsnodes_births: 2.
num_vsnodes_deaths: 0.
num_space_committed: 300.
num_space_uncommitted: 0.
num_chunks_returned_to_freelist: 0.
num_chunks_taken_from_freelist: 867.
num_chunk_merges: 0.
num_chunk_splits: 602.
num_chunks_enlarged: 486.
num_inconsistent_stats: 0.

CodeHeap 'non-profiled nmethods': size=120000Kb used=1057Kb max_used=1057Kb free=118942Kb
 bounds [0x000001e4ca080000, 0x000001e4ca2f0000, 0x000001e4d15b0000]
CodeHeap 'profiled nmethods': size=120000Kb used=6044Kb max_used=6044Kb free=113955Kb
 bounds [0x000001e4c2b50000, 0x000001e4c3140000, 0x000001e4ca080000]
CodeHeap 'non-nmethods': size=5760Kb used=1196Kb max_used=1262Kb free=4563Kb
 bounds [0x000001e4c25b0000, 0x000001e4c2820000, 0x000001e4c2b50000]
 total_blobs=3285 nmethods=2806 adapters=390
 compilation: enabled
              stopped_count=0, restarted_count=0
 full_count=0

Compilation events (20 events):
Event: 2.563 Thread 0x000001e4dd16db20 2762       1       org.springframework.beans.factory.support.AbstractBeanDefinition::setAutowireMode (6 bytes)
Event: 2.563 Thread 0x000001e4dd16db20 nmethod 2762 0x000001e4ca186410 code [0x000001e4ca1865a0, 0x000001e4ca186678]
Event: 2.563 Thread 0x000001e4dd16db20 2763       1       org.springframework.beans.factory.support.AbstractBeanDefinition::setDestroyMethodName (6 bytes)
Event: 2.563 Thread 0x000001e4dd16db20 nmethod 2763 0x000001e4ca186710 code [0x000001e4ca1868a0, 0x000001e4ca1869b8]
Event: 2.564 Thread 0x000001e4dd16db20 2765       1       org.springframework.beans.factory.support.AbstractBeanDefinition::setLenientConstructorResolution (6 bytes)
Event: 2.564 Thread 0x000001e4dd16db20 nmethod 2765 0x000001e4ca186a10 code [0x000001e4ca186ba0, 0x000001e4ca186c78]
Event: 2.564 Thread 0x000001e4dd16db20 2766       3       org.springframework.core.annotation.AnnotationAttributes::assertNotException (44 bytes)
Event: 2.565 Thread 0x000001e4dd16db20 nmethod 2766 0x000001e4c3117190 code [0x000001e4c3117420, 0x000001e4c31184d8]
Event: 2.565 Thread 0x000001e4dd16db20 2767       3       org.springframework.core.annotation.AnnotationAttributes::assertAttributeType (54 bytes)
Event: 2.566 Thread 0x000001e4dd16db20 nmethod 2767 0x000001e4c3118910 code [0x000001e4c3118bc0, 0x000001e4c3119d18]
Event: 2.566 Thread 0x000001e4dd16db20 2768       3       org.springframework.core.annotation.MergedAnnotationSelectors$FirstDirectlyDeclared::isBestCandidate (15 bytes)
Event: 2.566 Thread 0x000001e4dd16db20 nmethod 2768 0x000001e4c311a210 code [0x000001e4c311a3c0, 0x000001e4c311a5e8]
Event: 2.566 Thread 0x000001e4dd16db20 2769       1       org.springframework.beans.factory.support.DefaultListableBeanFactory::isConfigurationFrozen (5 bytes)
Event: 2.566 Thread 0x000001e4dd16db20 nmethod 2769 0x000001e4ca186d10 code [0x000001e4ca186ea0, 0x000001e4ca186f78]
Event: 2.566 Thread 0x000001e4dd16db20 2770       1       org.springframework.beans.factory.support.AbstractBeanDefinition::setFactoryBeanName (6 bytes)
Event: 2.566 Thread 0x000001e4dd16db20 nmethod 2770 0x000001e4ca187010 code [0x000001e4ca1871a0, 0x000001e4ca1872b8]
Event: 2.569 Thread 0x000001e4dd16db20 2772       3       org.springframework.beans.factory.support.AbstractBeanDefinition::hasMethodOverrides (16 bytes)
Event: 2.570 Thread 0x000001e4dd16db20 nmethod 2772 0x000001e4c311a690 code [0x000001e4c311a840, 0x000001e4c311aae8]
Event: 2.570 Thread 0x000001e4dd16db20 2773       3       org.springframework.beans.factory.support.MethodOverrides::isEmpty (10 bytes)
Event: 2.570 Thread 0x000001e4dd16db20 nmethod 2773 0x000001e4c311ac10 code [0x000001e4c311adc0, 0x000001e4c311afa8]

GC Heap History (6 events):
Event: 0.559 GC heap before
{Heap before GC invocations=0 (full 0):
 garbage-first heap   total 262144K, used 12288K [0x0000000701c00000, 0x0000000800000000)
  region size 2048K, 6 young (12288K), 0 survivors (0K)
 Metaspace       used 2694K, committed 2944K, reserved 1114112K
  class space    used 252K, committed 384K, reserved 1048576K
}
Event: 0.566 GC heap after
{Heap after GC invocations=1 (full 0):
 garbage-first heap   total 262144K, used 5732K [0x0000000701c00000, 0x0000000800000000)
  region size 2048K, 1 young (2048K), 1 survivors (2048K)
 Metaspace       used 2694K, committed 2944K, reserved 1114112K
  class space    used 252K, committed 384K, reserved 1048576K
}
Event: 1.027 GC heap before
{Heap before GC invocations=1 (full 0):
 garbage-first heap   total 262144K, used 15972K [0x0000000701c00000, 0x0000000800000000)
  region size 2048K, 6 young (12288K), 1 survivors (2048K)
 Metaspace       used 5993K, committed 6208K, reserved 1114112K
  class space    used 662K, committed 768K, reserved 1048576K
}
Event: 1.031 GC heap after
{Heap after GC invocations=2 (full 0):
 garbage-first heap   total 262144K, used 7317K [0x0000000701c00000, 0x0000000800000000)
  region size 2048K, 1 young (2048K), 1 survivors (2048K)
 Metaspace       used 5993K, committed 6208K, reserved 1114112K
  class space    used 662K, committed 768K, reserved 1048576K
}
Event: 1.514 GC heap before
{Heap before GC invocations=2 (full 0):
 garbage-first heap   total 262144K, used 27797K [0x0000000701c00000, 0x0000000800000000)
  region size 2048K, 12 young (24576K), 1 survivors (2048K)
 Metaspace       used 11962K, committed 12224K, reserved 1114112K
  class space    used 1394K, committed 1536K, reserved 1048576K
}
Event: 1.518 GC heap after
{Heap after GC invocations=3 (full 0):
 garbage-first heap   total 262144K, used 8723K [0x0000000701c00000, 0x0000000800000000)
  region size 2048K, 2 young (4096K), 2 survivors (4096K)
 Metaspace       used 11962K, committed 12224K, reserved 1114112K
  class space    used 1394K, committed 1536K, reserved 1048576K
}

Deoptimization events (20 events):
Event: 2.411 Thread 0x000001e4bac7d480 Uncommon trap: trap_request=0xffffffde fr.pc=0x000001e4ca16d8d8 relative=0x00000000000005f8
Event: 2.411 Thread 0x000001e4bac7d480 Uncommon trap: reason=class_check action=maybe_recompile pc=0x000001e4ca16d8d8 method=org.springframework.util.ConcurrentReferenceHashMap$Segment.findInChain(Lorg/springframework/util/ConcurrentReferenceHashMap$Reference;Ljava/lang/Object;I)Lorg/springfra
Event: 2.411 Thread 0x000001e4bac7d480 DEOPT PACKING pc=0x000001e4ca16d8d8 sp=0x000000d0a1afe670
Event: 2.411 Thread 0x000001e4bac7d480 DEOPT UNPACKING pc=0x000001e4c26023a3 sp=0x000000d0a1afe4a8 mode 2
Event: 2.441 Thread 0x000001e4bac7d480 Uncommon trap: trap_request=0xffffffde fr.pc=0x000001e4ca0ba218 relative=0x0000000000000198
Event: 2.441 Thread 0x000001e4bac7d480 Uncommon trap: reason=class_check action=maybe_recompile pc=0x000001e4ca0ba218 method=java.lang.String.equals(Ljava/lang/Object;)Z @ 8 c2
Event: 2.441 Thread 0x000001e4bac7d480 DEOPT PACKING pc=0x000001e4ca0ba218 sp=0x000000d0a1afe8a0
Event: 2.441 Thread 0x000001e4bac7d480 DEOPT UNPACKING pc=0x000001e4c26023a3 sp=0x000000d0a1afe828 mode 2
Event: 2.441 Thread 0x000001e4bac7d480 Uncommon trap: trap_request=0xffffffde fr.pc=0x000001e4ca0ba218 relative=0x0000000000000198
Event: 2.441 Thread 0x000001e4bac7d480 Uncommon trap: reason=class_check action=maybe_recompile pc=0x000001e4ca0ba218 method=java.lang.String.equals(Ljava/lang/Object;)Z @ 8 c2
Event: 2.441 Thread 0x000001e4bac7d480 DEOPT PACKING pc=0x000001e4ca0ba218 sp=0x000000d0a1afe8a0
Event: 2.441 Thread 0x000001e4bac7d480 DEOPT UNPACKING pc=0x000001e4c26023a3 sp=0x000000d0a1afe828 mode 2
Event: 2.441 Thread 0x000001e4bac7d480 Uncommon trap: trap_request=0xffffffde fr.pc=0x000001e4ca0ba218 relative=0x0000000000000198
Event: 2.441 Thread 0x000001e4bac7d480 Uncommon trap: reason=class_check action=maybe_recompile pc=0x000001e4ca0ba218 method=java.lang.String.equals(Ljava/lang/Object;)Z @ 8 c2
Event: 2.441 Thread 0x000001e4bac7d480 DEOPT PACKING pc=0x000001e4ca0ba218 sp=0x000000d0a1afe8a0
Event: 2.441 Thread 0x000001e4bac7d480 DEOPT UNPACKING pc=0x000001e4c26023a3 sp=0x000000d0a1afe828 mode 2
Event: 2.442 Thread 0x000001e4bac7d480 Uncommon trap: trap_request=0xffffffde fr.pc=0x000001e4ca0ba218 relative=0x0000000000000198
Event: 2.442 Thread 0x000001e4bac7d480 Uncommon trap: reason=class_check action=maybe_recompile pc=0x000001e4ca0ba218 method=java.lang.String.equals(Ljava/lang/Object;)Z @ 8 c2
Event: 2.442 Thread 0x000001e4bac7d480 DEOPT PACKING pc=0x000001e4ca0ba218 sp=0x000000d0a1afe510
Event: 2.442 Thread 0x000001e4bac7d480 DEOPT UNPACKING pc=0x000001e4c26023a3 sp=0x000000d0a1afe498 mode 2

Classes loaded (20 events):
Event: 1.854 Loading class javax/naming/ldap/LdapContext
Event: 1.854 Loading class javax/naming/directory/DirContext
Event: 1.854 Loading class javax/naming/directory/DirContext done
Event: 1.854 Loading class javax/naming/ldap/LdapContext done
Event: 2.393 Loading class java/util/stream/Streams$RangeIntSpliterator
Event: 2.393 Loading class java/util/stream/Streams$RangeIntSpliterator done
Event: 2.394 Loading class java/util/stream/IntPipeline$1
Event: 2.394 Loading class java/util/stream/IntPipeline$1 done
Event: 2.394 Loading class java/util/stream/IntPipeline$1$1
Event: 2.395 Loading class java/util/stream/IntPipeline$1$1 done
Event: 2.403 Loading class java/util/stream/Streams$ConcatSpliterator$OfRef
Event: 2.403 Loading class java/util/stream/Streams$ConcatSpliterator
Event: 2.404 Loading class java/util/stream/Streams$ConcatSpliterator done
Event: 2.404 Loading class java/util/stream/Streams$ConcatSpliterator$OfRef done
Event: 2.404 Loading class java/util/stream/Streams$2
Event: 2.404 Loading class java/util/stream/Streams$2 done
Event: 2.428 Loading class java/util/stream/ReferencePipeline$15
Event: 2.428 Loading class java/util/stream/ReferencePipeline$15 done
Event: 2.429 Loading class java/util/stream/ReferencePipeline$15$1
Event: 2.429 Loading class java/util/stream/ReferencePipeline$15$1 done

Classes unloaded (0 events):
No events

Classes redefined (0 events):
No events

Internal exceptions (20 events):
Event: 1.624 Thread 0x000001e4bac7d480 Exception <a 'java/lang/ClassNotFoundException'{0x000000071150fe78}: org/springframework/beans/factory/support/BeanDefinitionRegistryPostProcessorCustomizer> (0x000000071150fe78) 
thrown [s\open\src\hotspot\share\classfile\systemDictionary.cpp, line 255]
Event: 1.624 Thread 0x000001e4bac7d480 Exception <a 'java/lang/ClassNotFoundException'{0x0000000711513d48}: org/springframework/beans/factory/config/BeanFactoryPostProcessorCustomizer> (0x0000000711513d48) 
thrown [s\open\src\hotspot\share\classfile\systemDictionary.cpp, line 255]
Event: 1.626 Thread 0x000001e4bac7d480 Exception <a 'java/lang/ClassNotFoundException'{0x0000000711517ac0}: org/springframework/core/PriorityOrderedCustomizer> (0x0000000711517ac0) 
thrown [s\open\src\hotspot\share\classfile\systemDictionary.cpp, line 255]
Event: 1.628 Thread 0x000001e4bac7d480 Exception <a 'java/lang/ClassNotFoundException'{0x000000071151a4c8}: org/springframework/core/OrderedCustomizer> (0x000000071151a4c8) 
thrown [s\open\src\hotspot\share\classfile\systemDictionary.cpp, line 255]
Event: 1.629 Thread 0x000001e4bac7d480 Exception <a 'java/lang/ClassNotFoundException'{0x0000000711224f18}: org/springframework/context/ResourceLoaderAwareCustomizer> (0x0000000711224f18) 
thrown [s\open\src\hotspot\share\classfile\systemDictionary.cpp, line 255]
Event: 1.629 Thread 0x000001e4bac7d480 Exception <a 'java/lang/ClassNotFoundException'{0x0000000711228c70}: org/springframework/beans/factory/AwareCustomizer> (0x0000000711228c70) 
thrown [s\open\src\hotspot\share\classfile\systemDictionary.cpp, line 255]
Event: 1.630 Thread 0x000001e4bac7d480 Exception <a 'java/lang/ClassNotFoundException'{0x000000071122b980}: org/springframework/context/ApplicationStartupAwareCustomizer> (0x000000071122b980) 
thrown [s\open\src\hotspot\share\classfile\systemDictionary.cpp, line 255]
Event: 1.630 Thread 0x000001e4bac7d480 Exception <a 'java/lang/ClassNotFoundException'{0x000000071122f960}: org/springframework/beans/factory/AwareCustomizer> (0x000000071122f960) 
thrown [s\open\src\hotspot\share\classfile\systemDictionary.cpp, line 255]
Event: 1.631 Thread 0x000001e4bac7d480 Exception <a 'java/lang/ClassNotFoundException'{0x0000000711232668}: org/springframework/beans/factory/BeanClassLoaderAwareCustomizer> (0x0000000711232668) 
thrown [s\open\src\hotspot\share\classfile\systemDictionary.cpp, line 255]
Event: 1.632 Thread 0x000001e4bac7d480 Exception <a 'java/lang/ClassNotFoundException'{0x00000007112363a8}: org/springframework/beans/factory/AwareCustomizer> (0x00000007112363a8) 
thrown [s\open\src\hotspot\share\classfile\systemDictionary.cpp, line 255]
Event: 1.632 Thread 0x000001e4bac7d480 Exception <a 'java/lang/ClassNotFoundException'{0x0000000711238e90}: org/springframework/context/EnvironmentAwareCustomizer> (0x0000000711238e90) 
thrown [s\open\src\hotspot\share\classfile\systemDictionary.cpp, line 255]
Event: 1.633 Thread 0x000001e4bac7d480 Exception <a 'java/lang/ClassNotFoundException'{0x000000071123cb68}: org/springframework/beans/factory/AwareCustomizer> (0x000000071123cb68) 
thrown [s\open\src\hotspot\share\classfile\systemDictionary.cpp, line 255]
Event: 1.653 Thread 0x000001e4e9a50040 Exception <a 'java/lang/NoSuchMethodError'{0x000000071134b748}: 'long java.lang.invoke.DirectMethodHandle$Holder.invokeSpecial(java.lang.Object, java.lang.Object)'> (0x000000071134b748) 
thrown [s\open\src\hotspot\share\interpreter\linkResolver.cpp, line 766]
Event: 1.657 Thread 0x000001e4e9a50040 Exception <a 'java/lang/NoSuchMethodError'{0x0000000711356a50}: 'long java.lang.invoke.DirectMethodHandle$Holder.invokeStatic(java.lang.Object, java.lang.Object)'> (0x0000000711356a50) 
thrown [s\open\src\hotspot\share\interpreter\linkResolver.cpp, line 766]
Event: 1.657 Thread 0x000001e4e9a50040 Exception <a 'java/lang/NoSuchMethodError'{0x000000071135a048}: 'long java.lang.invoke.DirectMethodHandle$Holder.invokeStaticInit(java.lang.Object, java.lang.Object)'> (0x000000071135a048) 
thrown [s\open\src\hotspot\share\interpreter\linkResolver.cpp, line 766]
Event: 1.664 Thread 0x000001e4e9a50040 Exception <a 'java/lang/NoSuchMethodError'{0x0000000711368768}: 'long java.lang.invoke.DirectMethodHandle$Holder.invokeInterface(java.lang.Object, java.lang.Object)'> (0x0000000711368768) 
thrown [s\open\src\hotspot\share\interpreter\linkResolver.cpp, line 766]
Event: 1.664 Thread 0x000001e4e9a50040 Exception <a 'java/lang/IncompatibleClassChangeError'{0x000000071136bcf0}: Found class java.lang.Object, but interface was expected> (0x000000071136bcf0) 
thrown [s\open\src\hotspot\share\interpreter\linkResolver.cpp, line 833]
Event: 1.679 Thread 0x000001e4e9a50040 Exception <a 'java/lang/NoSuchMethodError'{0x0000000711023760}: 'java.lang.Object java.lang.invoke.DirectMethodHandle$Holder.invokeVirtual(java.lang.Object, java.lang.Object, java.lang.Object, java.lang.Object)'> (0x0000000711023760) 
thrown [s\open\src\hotspot\share\interpreter\linkResolver.cpp, line 766]
Event: 1.899 Thread 0x000001e4bac7d480 Exception <a 'java/lang/IncompatibleClassChangeError'{0x00000007108f5278}: Found class java.lang.Object, but interface was expected> (0x00000007108f5278) 
thrown [s\open\src\hotspot\share\interpreter\linkResolver.cpp, line 833]
Event: 1.934 Thread 0x000001e4bac7d480 Exception <a 'java/lang/NoSuchMethodError'{0x0000000710644d90}: 'void java.lang.invoke.DirectMethodHandle$Holder.invokeInterface(java.lang.Object, java.lang.Object, java.lang.Object, java.lang.Object)'> (0x0000000710644d90) 
thrown [s\open\src\hotspot\share\interpreter\linkResolver.cpp, line 766]

VM Operations (20 events):
Event: 1.499 Executing VM operation: ICBufferFull
Event: 1.500 Executing VM operation: ICBufferFull done
Event: 1.514 Executing VM operation: G1CollectForAllocation
Event: 1.519 Executing VM operation: G1CollectForAllocation done
Event: 1.609 Executing VM operation: HandshakeAllThreads
Event: 1.609 Executing VM operation: HandshakeAllThreads done
Event: 1.665 Executing VM operation: HandshakeAllThreads
Event: 1.665 Executing VM operation: HandshakeAllThreads done
Event: 1.983 Executing VM operation: ICBufferFull
Event: 1.983 Executing VM operation: ICBufferFull done
Event: 2.332 Executing VM operation: HandshakeAllThreads
Event: 2.332 Executing VM operation: HandshakeAllThreads done
Event: 2.366 Executing VM operation: HandshakeAllThreads
Event: 2.366 Executing VM operation: HandshakeAllThreads done
Event: 2.367 Executing VM operation: HandshakeAllThreads
Event: 2.367 Executing VM operation: HandshakeAllThreads done
Event: 2.387 Executing VM operation: HandshakeAllThreads
Event: 2.388 Executing VM operation: HandshakeAllThreads done
Event: 2.478 Executing VM operation: ICBufferFull
Event: 2.478 Executing VM operation: ICBufferFull done

Events (20 events):
Event: 0.114 Thread 0x000001e4dd12dd30 Thread added: 0x000001e4dd12dd30
Event: 0.138 Loaded shared library C:\Users\Админ\.jdks\openjdk-18.0.1.1\bin\zip.dll
Event: 0.145 Loaded shared library C:\Users\Админ\.jdks\openjdk-18.0.1.1\bin\instrument.dll
Event: 0.152 Loaded shared library C:\Users\Админ\.jdks\openjdk-18.0.1.1\bin\net.dll
Event: 0.154 Loaded shared library C:\Users\Админ\.jdks\openjdk-18.0.1.1\bin\nio.dll
Event: 0.159 Loaded shared library C:\Users\Админ\.jdks\openjdk-18.0.1.1\bin\zip.dll
Event: 0.197 Thread 0x000001e4e16693e0 Thread added: 0x000001e4e16693e0
Event: 0.252 Loaded shared library C:\Program Files\JetBrains\IntelliJ IDEA Community Edition 2022.1.1\bin\breakgen64.dll
Event: 0.253 Thread 0x000001e4e15b4170 Thread added: 0x000001e4e15b4170
Event: 0.253 Thread 0x000001e4e15b4630 Thread added: 0x000001e4e15b4630
Event: 0.302 Loaded shared library C:\Users\Админ\.jdks\openjdk-18.0.1.1\bin\verify.dll
Event: 0.309 Loaded shared library C:\Users\Админ\.jdks\openjdk-18.0.1.1\bin\jimage.dll
Event: 0.782 Thread 0x000001e4e16693e0 Thread exited: 0x000001e4e16693e0
Event: 1.020 Thread 0x000001e4e1ba1630 Thread added: 0x000001e4e1ba1630
Event: 1.216 Loaded shared library C:\Users\Админ\.jdks\openjdk-18.0.1.1\bin\management.dll
Event: 1.219 Loaded shared library C:\Users\Админ\.jdks\openjdk-18.0.1.1\bin\management_ext.dll
Event: 1.314 Thread 0x000001e4e9a50040 Thread added: 0x000001e4e9a50040
Event: 1.682 Thread 0x000001e4e9a50040 Thread exited: 0x000001e4e9a50040
Event: 1.843 Thread 0x000001e4ea2b84a0 Thread added: 0x000001e4ea2b84a0
Event: 1.870 Thread 0x000001e4ea2b84a0 Thread exited: 0x000001e4ea2b84a0


Dynamic libraries:
0x00007ff734d50000 - 0x00007ff734d5e000 	C:\Users\Админ\.jdks\openjdk-18.0.1.1\bin\java.exe
0x00007ffd41870000 - 0x00007ffd41a68000 	C:\WINDOWS\SYSTEM32\ntdll.dll
0x00007ffd3fcc0000 - 0x00007ffd3fd7d000 	C:\WINDOWS\System32\KERNEL32.DLL
0x00007ffd3f190000 - 0x00007ffd3f45e000 	C:\WINDOWS\System32\KERNELBASE.dll
0x00007ffd3f460000 - 0x00007ffd3f560000 	C:\WINDOWS\System32\ucrtbase.dll
0x00007ffd38940000 - 0x00007ffd3895a000 	C:\Users\Админ\.jdks\openjdk-18.0.1.1\bin\VCRUNTIME140.dll
0x00007ffd388b0000 - 0x00007ffd388c7000 	C:\Users\Админ\.jdks\openjdk-18.0.1.1\bin\jli.dll
0x00007ffd3fd80000 - 0x00007ffd3ff20000 	C:\WINDOWS\System32\USER32.dll
0x00007ffd3f740000 - 0x00007ffd3f762000 	C:\WINDOWS\System32\win32u.dll
0x00007ffd2d980000 - 0x00007ffd2dc1a000 	C:\WINDOWS\WinSxS\amd64_microsoft.windows.common-controls_6595b64144ccf1df_6.0.19041.1110_none_60b5254171f9507e\COMCTL32.dll
0x00007ffd40ff0000 - 0x00007ffd4101a000 	C:\WINDOWS\System32\GDI32.dll
0x00007ffd41050000 - 0x00007ffd410ee000 	C:\WINDOWS\System32\msvcrt.dll
0x00007ffd3ef90000 - 0x00007ffd3f09b000 	C:\WINDOWS\System32\gdi32full.dll
0x00007ffd3f6a0000 - 0x00007ffd3f73d000 	C:\WINDOWS\System32\msvcp_win.dll
0x00007ffd41020000 - 0x00007ffd41050000 	C:\WINDOWS\System32\IMM32.DLL
0x00007ffd3b740000 - 0x00007ffd3b74c000 	C:\Users\Админ\.jdks\openjdk-18.0.1.1\bin\vcruntime140_1.dll
0x00007ffd2b330000 - 0x00007ffd2b3bd000 	C:\Users\Админ\.jdks\openjdk-18.0.1.1\bin\msvcp140.dll
0x00007ffd09530000 - 0x00007ffd0a140000 	C:\Users\Админ\.jdks\openjdk-18.0.1.1\bin\server\jvm.dll
0x00007ffd41340000 - 0x00007ffd413ee000 	C:\WINDOWS\System32\ADVAPI32.dll
0x00007ffd412a0000 - 0x00007ffd4133c000 	C:\WINDOWS\System32\sechost.dll
0x00007ffd3fb30000 - 0x00007ffd3fc55000 	C:\WINDOWS\System32\RPCRT4.dll
0x00007ffd41670000 - 0x00007ffd41678000 	C:\WINDOWS\System32\PSAPI.DLL
0x00007ffd299d0000 - 0x00007ffd299d9000 	C:\WINDOWS\SYSTEM32\WSOCK32.dll
0x00007ffd2ddd0000 - 0x00007ffd2ddf7000 	C:\WINDOWS\SYSTEM32\WINMM.dll
0x00007ffd34c20000 - 0x00007ffd34c2a000 	C:\WINDOWS\SYSTEM32\VERSION.dll
0x00007ffd414a0000 - 0x00007ffd4150b000 	C:\WINDOWS\System32\WS2_32.dll
0x00007ffd3d820000 - 0x00007ffd3d832000 	C:\WINDOWS\SYSTEM32\kernel.appcore.dll
0x00007ffd3a8c0000 - 0x00007ffd3a8ca000 	C:\Users\Админ\.jdks\openjdk-18.0.1.1\bin\jimage.dll
0x00007ffd3c2f0000 - 0x00007ffd3c4d4000 	C:\WINDOWS\SYSTEM32\DBGHELP.DLL
0x00007ffd27900000 - 0x00007ffd2792c000 	C:\WINDOWS\SYSTEM32\dbgcore.DLL
0x00007ffd3f560000 - 0x00007ffd3f5e2000 	C:\WINDOWS\System32\bcryptPrimitives.dll
0x00007ffd3a7f0000 - 0x00007ffd3a7fe000 	C:\Users\Админ\.jdks\openjdk-18.0.1.1\bin\instrument.dll
0x00007ffd38880000 - 0x00007ffd388a5000 	C:\Users\Админ\.jdks\openjdk-18.0.1.1\bin\java.dll
0x00007ffd2a380000 - 0x00007ffd2a456000 	C:\Users\Админ\.jdks\openjdk-18.0.1.1\bin\jsvml.dll
0x00007ffd403d0000 - 0x00007ffd40b14000 	C:\WINDOWS\System32\SHELL32.dll
0x00007ffd3ccf0000 - 0x00007ffd3d484000 	C:\WINDOWS\SYSTEM32\windows.storage.dll
0x00007ffd3ff20000 - 0x00007ffd40274000 	C:\WINDOWS\System32\combase.dll
0x00007ffd3e9f0000 - 0x00007ffd3ea20000 	C:\WINDOWS\SYSTEM32\Wldp.dll
0x00007ffd413f0000 - 0x00007ffd4149d000 	C:\WINDOWS\System32\SHCORE.dll
0x00007ffd40360000 - 0x00007ffd403b5000 	C:\WINDOWS\System32\shlwapi.dll
0x00007ffd3eed0000 - 0x00007ffd3eeef000 	C:\WINDOWS\SYSTEM32\profapi.dll
0x00007ffd2edf0000 - 0x00007ffd2ee08000 	C:\Users\Админ\.jdks\openjdk-18.0.1.1\bin\zip.dll
0x00007ffd37e00000 - 0x00007ffd37e13000 	C:\Users\Админ\.jdks\openjdk-18.0.1.1\bin\net.dll
0x00007ffd35e80000 - 0x00007ffd35f8a000 	C:\WINDOWS\SYSTEM32\WINHTTP.dll
0x00007ffd3e750000 - 0x00007ffd3e7ba000 	C:\WINDOWS\system32\mswsock.dll
0x00007ffd32da0000 - 0x00007ffd32db6000 	C:\Users\Админ\.jdks\openjdk-18.0.1.1\bin\nio.dll
0x00007ffd2e3b0000 - 0x00007ffd2e3ca000 	C:\Program Files\JetBrains\IntelliJ IDEA Community Edition 2022.1.1\bin\breakgen64.dll
0x00007ffd38970000 - 0x00007ffd38980000 	C:\Users\Админ\.jdks\openjdk-18.0.1.1\bin\verify.dll
0x00007ffd38930000 - 0x00007ffd38939000 	C:\Users\Админ\.jdks\openjdk-18.0.1.1\bin\management.dll
0x00007ffd37df0000 - 0x00007ffd37dfb000 	C:\Users\Админ\.jdks\openjdk-18.0.1.1\bin\management_ext.dll
0x00007ffd268e0000 - 0x00007ffd268f7000 	C:\WINDOWS\system32\napinsp.dll
0x00007ffd26880000 - 0x00007ffd2689b000 	C:\WINDOWS\system32\pnrpnsp.dll
0x00007ffd39070000 - 0x00007ffd39085000 	C:\WINDOWS\system32\wshbth.dll
0x00007ffd3a060000 - 0x00007ffd3a07d000 	C:\WINDOWS\system32\NLAapi.dll
0x00007ffd3e3f0000 - 0x00007ffd3e42b000 	C:\WINDOWS\SYSTEM32\IPHLPAPI.DLL
0x00007ffd3e430000 - 0x00007ffd3e4fb000 	C:\WINDOWS\SYSTEM32\DNSAPI.dll
0x00007ffd41590000 - 0x00007ffd41598000 	C:\WINDOWS\System32\NSI.dll
0x00007ffd26750000 - 0x00007ffd26762000 	C:\WINDOWS\System32\winrnr.dll
0x00007ffd36be0000 - 0x00007ffd36bea000 	C:\Windows\System32\rasadhlp.dll
0x00007ffd2ce10000 - 0x00007ffd2ce90000 	C:\WINDOWS\System32\fwpuclnt.dll
0x00007ffd3f110000 - 0x00007ffd3f137000 	C:\WINDOWS\System32\bcrypt.dll

dbghelp: loaded successfully - version: 4.0.5 - missing functions: none
symbol engine: initialized successfully - sym options: 0x614 - pdb path: .;C:\Users\Админ\.jdks\openjdk-18.0.1.1\bin;C:\WINDOWS\SYSTEM32;C:\WINDOWS\WinSxS\amd64_microsoft.windows.common-controls_6595b64144ccf1df_6.0.19041.1110_none_60b5254171f9507e;C:\Users\Админ\.jdks\openjdk-18.0.1.1\bin\server;C:\Program Files\JetBrains\IntelliJ IDEA Community Edition 2022.1.1\bin

VM Arguments:
jvm_args: -javaagent:C:\Program Files\JetBrains\IntelliJ IDEA Community Edition 2022.1.1\lib\idea_rt.jar=64773:C:\Program Files\JetBrains\IntelliJ IDEA Community Edition 2022.1.1\bin -Dfile.encoding=UTF-8 
java_command: com.project.demoSpringDiary.DemoSpringDiaryApplication
java_class_path (initial): C:\Users\Админ\demoSpringDiary\target\classes;C:\Users\Админ\.m2\repository\org\springframework\boot\spring-boot-starter-data-jpa\2.7.2\spring-boot-starter-data-jpa-2.7.2.jar;C:\Users\Админ\.m2\repository\org\springframework\boot\spring-boot-starter-aop\2.7.2\spring-boot-starter-aop-2.7.2.jar;C:\Users\Админ\.m2\repository\org\aspectj\aspectjweaver\1.9.7\aspectjweaver-1.9.7.jar;C:\Users\Админ\.m2\repository\org\springframework\boot\spring-boot-starter-jdbc\2.7.2\spring-boot-starter-jdbc-2.7.2.jar;C:\Users\Админ\.m2\repository\com\zaxxer\HikariCP\4.0.3\HikariCP-4.0.3.jar;C:\Users\Админ\.m2\repository\org\springframework\spring-jdbc\5.3.22\spring-jdbc-5.3.22.jar;C:\Users\Админ\.m2\repository\jakarta\transaction\jakarta.transaction-api\1.3.3\jakarta.transaction-api-1.3.3.jar;C:\Users\Админ\.m2\repository\jakarta\persistence\jakarta.persistence-api\2.2.3\jakarta.persistence-api-2.2.3.jar;C:\Users\Админ\.m2\repository\org\hibernate\hibernate-core\5.6.10.Final\hibernate-core-5.6.10.Final.jar;C:\Users\Админ\.m2\repository\org\jboss\logging\jboss-logging\3.4.3.Final\jboss-logging-3.4.3.Final.jar;C:\Users\Админ\.m2\repository\net\bytebuddy\byte-buddy\1.12.12\byte-buddy-1.12.12.jar;C:\Users\Админ\.m2\repository\antlr\antlr\2.7.7\antlr-2.7.7.jar;C:\Users\Админ\.m2\repository\org\jboss\jandex\2.4.2.Final\jandex-2.4.2.Final.jar;C:\Users\Админ\.m2\repository\com\fasterxml\classmate\1.5.1\classmate-1.5.1.jar;C:\Users\Админ\.m2\repository\org\hibernate\common\hibernate-commons-annotations\5.1.2.Final\hibernate-commons-annotations-5.1.2.Final.jar;C:\Users\Админ\.m2\repository\org\glassfish\jaxb\jaxb-runtime\2.3.6\jaxb-runtime-2.3.6.jar;C:\Users\Админ\.m2\repository\org\glassfish\jaxb\txw2\2.3.6\txw2-2.3.6.jar;C:\Users\Админ\.m2\repository\com\sun\istack\istack-commons-runtime\3.0.12\istack-commons-runtime-3.0.12.jar;C:\Users\Админ\.m2\repository\com\sun\activation\jakarta.activation\1.2.2\jakarta.activation-1.2.2.jar;C:\Users\Админ\.m2\repository\org\springframework\data\spring-data-jpa\2.7.2\spring-data-jpa-2.7.2.jar;C:\Users\Админ\.m2\repository\org\springframework\data\spring-data-commons\2.7.2\spring-data-commons-2.7.2.jar;C:\Users\Админ\.m2\repository\org\springframework\spring-orm\5.3.22\spring-orm-5.3.22.jar;C:\Users\Админ\.m2\repository\org\springframework\spring-context\5.3.22\spring-context-5.3.22.jar;C:\Users\Админ\.m2\repository\org\springframework\spring-tx\5.3.22\spring-tx-5.3.22.jar;C:\Users\Админ\.m2\repository\org\springframework\spring-beans\5.3.22\spring-beans-5.3.22.jar;C:\Users\Админ\.m2\repository\org\springframework\spring-aspects\5.3.22\spring-aspects-5.3.22.jar;C:\Users\Админ\.m2\repository\org\springframework\boot\spring-boot-starter-web\2.7.2\spring-boot-starter-web-2.7.2.jar;C:\Users\Админ\.m2\repository\org\springframework\boot\spring-boot-starter\2.7.2\spring-boot-starter-2.7.2.jar;C:\Users\Админ\.m2\repository\org\springframework\boot\spring-boot\2.7.2\spring-boot-2.7.2.jar;C:\Users\Админ\.m2\repository\org\springframework\boot\spring-boot-autoconfigure\2.7.2\spring-boot-autoconfigure-2.7.2.jar;C:\Users\Админ\.m2\repository\org\springframework\boot\spring-boot-starter-logging\2.7.2\spring-boot-starter-logging-2.7.2.jar;C:\Users\Админ\.m2\repository\ch\qos\logback\logback-classic\1.2.11\logback-classic-1.2.11.jar;C:\Users\Админ\.m2\repository\ch\qos\logback\logback-core\1.2.11\logback-core-1.2.11.jar;C:\Users\Админ\.m2\repository\org\apache\logging\log4j\log4j-to-slf4j\2.17.2\log4j-to-slf4j-2.17.2.jar;C:\Users\Админ\.m2\repository\org\apache\logging\log4j\log4j-api\2.17.2\log4j-api-2.17.2.jar;C:\Users\Админ\.m2\repository\org\slf4j\jul-to-slf4j\1.7.36\jul-to-slf4j-1.7.36.jar;C:\Users\Админ\.m2\repository\jakarta\annotation\jakarta.annotation-api\1.3.5\jakarta.annotation-api-1.3.5.jar;C:\Users\Админ\.m2\repository\org\yaml\snakeyaml\1.30\snakeyaml-1.30.jar;C:\Users\Админ\.m2\repository\org\springframework\boot\spring-boot-starter-json\2.7.2\spring-boot-starter-json-2.7.2.jar;C:\Users\Админ\.m2\repository\com\fasterxml\jackson\core\jackson-databind\2.13.3\jackson-databind-2.13.3.jar;C:\Users\Админ\.m2\repository\com\fasterxml\jackson\core\jackson-annotations\2.13.3\jackson-annotations-2.13.3.jar;C:\Users\Админ\.m2\repository\com\fasterxml\jackson\core\jackson-core\2.13.3\jackson-core-2.13.3.jar;C:\Users\Админ\.m2\repository\com\fasterxml\jackson\datatype\jackson-datatype-jdk8\2.13.3\jackson-datatype-jdk8-2.13.3.jar;C:\Users\Админ\.m2\repository\com\fasterxml\jackson\datatype\jackson-datatype-jsr310\2.13.3\jackson-datatype-jsr310-2.13.3.jar;C:\Users\Админ\.m2\repository\com\fasterxml\jackson\module\jackson-module-parameter-names\2.13.3\jackson-module-parameter-names-2.13.3.jar;C:\Users\Админ\.m2\repository\org\springframework\boot\spring-boot-starter-tomcat\2.7.2\spring-boot-starter-tomcat-2.7.2.jar;C:\Users\Админ\.m2\repository\org\apache\tomcat\embed\tomcat-embed-core\9.0.65\tomcat-embed-core-9.0.65.jar;C:\Users\Админ\.m2\repository\org\apache\tomcat\embed\tomcat-embed-el\9.0.65\tomcat-embed-el-9.0.65.jar;C:\Users\Админ\.m2\repository\org\apache\tomcat\embed\tomcat-embed-websocket\9.0.65\tomcat-embed-websocket-9.0.65.jar;C:\Users\Админ\.m2\repository\org\springframework\spring-web\5.3.22\spring-web-5.3.22.jar;C:\Users\Админ\.m2\repository\org\springframework\spring-webmvc\5.3.22\spring-webmvc-5.3.22.jar;C:\Users\Админ\.m2\repository\org\springframework\spring-expression\5.3.22\spring-expression-5.3.22.jar;C:\Users\Админ\.m2\repository\org\postgresql\postgresql\42.3.6\postgresql-42.3.6.jar;C:\Users\Админ\.m2\repository\org\checkerframework\checker-qual\3.5.0\checker-qual-3.5.0.jar;C:\Users\Админ\.m2\repository\org\projectlombok\lombok\1.18.24\lombok-1.18.24.jar;C:\Users\Админ\.m2\repository\jakarta\xml\bind\jakarta.xml.bind-api\2.3.3\jakarta.xml.bind-api-2.3.3.jar;C:\Users\Админ\.m2\repository\jakarta\activation\jakarta.activation-api\1.2.2\jakarta.activation-api-1.2.2.jar;C:\Users\Админ\.m2\repository\org\springframework\spring-core\5.3.22\spring-core-5.3.22.jar;C:\Users\Админ\.m2\repository\org\springframework\spring-jcl\5.3.22\spring-jcl-5.3.22.jar;C:\Users\Админ\.m2\repository\org\thymeleaf\thymeleaf\3.0.15.RELEASE\thymeleaf-3.0.15.RELEASE.jar;C:\Users\Админ\.m2\repository\ognl\ognl\3.1.26\ognl-3.1.26.jar;C:\Users\Админ\.m2\repository\org\javassist\javassist\3.20.0-GA\javassist-3.20.0-GA.jar;C:\Users\Админ\.m2\repository\org\attoparser\attoparser\2.0.5.RELEASE\attoparser-2.0.5.RELEASE.jar;C:\Users\Админ\.m2\repository\org\unbescape\unbescape\1.1.6.RELEASE\unbescape-1.1.6.RELEASE.jar;C:\Users\Админ\.m2\repository\org\slf4j\slf4j-api\1.7.36\slf4j-api-1.7.36.jar;C:\Users\Админ\.m2\repository\org\springframework\boot\spring-boot-starter-thymeleaf\2.7.0\spring-boot-starter-thymeleaf-2.7.0.jar;C:\Users\Админ\.m2\repository\org\thymeleaf\thymeleaf-spring5\3.0.15.RELEASE\thymeleaf-spring5-3.0.15.RELEASE.jar;C:\Users\Админ\.m2\repository\org\thymeleaf\extras\thymeleaf-extras-java8time\3.0.4.RELEASE\thymeleaf-extras-java8time-3.0.4.RELEASE.jar;C:\Users\Админ\.m2\repository\org\springframework\boot\spring-boot-starter-security\2.7.2\spring-boot-starter-security-2.7.2.jar;C:\Users\Админ\.m2\repository\org\springframework\spring-aop\5.3.22\spring-aop-5.3.22.jar;C:\Users\Админ\.m2\repository\org\springframework\security\spring-security-config\5.7.2\spring-security-config-5.7.2.jar;C:\Users\Админ\.m2\repository\org\springframework\security\spring-security-web\5.7.2\spring-security-web-5.7.2.jar;C:\Users\Админ\.m2\repository\org\springframework\security\spring-security-core\5.7.2\spring-security-core-5.7.2.jar;C:\Users\Админ\.m2\repository\org\springframework\security\spring-security-crypto\5.7.2\spring-security-crypto-5.7.2.jar
Launcher Type: SUN_STANDARD

[Global flags]
     intx CICompilerCount                          = 3                                         {product} {ergonomic}
     uint ConcGCThreads                            = 1                                         {product} {ergonomic}
     uint G1ConcRefinementThreads                  = 4                                         {product} {ergonomic}
   size_t G1HeapRegionSize                         = 2097152                                   {product} {ergonomic}
    uintx GCDrainStackTargetSize                   = 64                                        {product} {ergonomic}
   size_t InitialHeapSize                          = 268435456                                 {product} {ergonomic}
   size_t MarkStackSize                            = 4194304                                   {product} {ergonomic}
   size_t MaxHeapSize                              = 4265607168                                {product} {ergonomic}
   size_t MaxNewSize                               = 2558525440                                {product} {ergonomic}
   size_t MinHeapDeltaBytes                        = 2097152                                   {product} {ergonomic}
   size_t MinHeapSize                              = 8388608                                   {product} {ergonomic}
    uintx NonNMethodCodeHeapSize                   = 5832780                                {pd product} {ergonomic}
    uintx NonProfiledCodeHeapSize                  = 122912730                              {pd product} {ergonomic}
    uintx ProfiledCodeHeapSize                     = 122912730                              {pd product} {ergonomic}
    uintx ReservedCodeCacheSize                    = 251658240                              {pd product} {ergonomic}
     bool SegmentedCodeCache                       = true                                      {product} {ergonomic}
   size_t SoftMaxHeapSize                          = 4265607168                             {manageable} {ergonomic}
     bool UseCompressedClassPointers               = true                           {product lp64_product} {ergonomic}
     bool UseCompressedOops                        = true                           {product lp64_product} {ergonomic}
     bool UseG1GC                                  = true                                      {product} {ergonomic}
     bool UseLargePagesIndividualAllocation        = false                                  {pd product} {ergonomic}

Logging:
Log output configuration:
 #0: stdout all=warning uptime,level,tags foldmultilines=false
 #1: stderr all=off uptime,level,tags foldmultilines=false

Environment Variables:
PATH=C:\WINDOWS\system32;C:\WINDOWS;C:\WINDOWS\System32\Wbem;C:\WINDOWS\System32\WindowsPowerShell\v1.0\;C:\WINDOWS\System32\OpenSSH\;C:\Program Files\Git\cmd;C:\Users\Админ\AppData\Local\Microsoft\WindowsApps;C:\Program Files\heroku\bin
USERNAME=Админ
OS=Windows_NT
PROCESSOR_IDENTIFIER=Intel64 Family 6 Model 142 Stepping 9, GenuineIntel



---------------  S Y S T E M  ---------------

OS:
 Windows 10 , 64 bit Build 19041 (10.0.19041.1806)
OS uptime: 23 days 5:36 hours

CPU: total 4 (initial active 4) (2 cores per cpu, 2 threads per core) family 6 model 142 stepping 9 microcode 0xb4, cx8, cmov, fxsr, ht, mmx, 3dnowpref, sse, sse2, sse3, ssse3, sse4.1, sse4.2, popcnt, lzcnt, tsc, tscinvbit, avx, avx2, aes, erms, clmul, bmi1, bmi2, adx, fma, vzeroupper, clflush, clflushopt

Memory: 4k page, system-wide physical 16265M (2626M free)
TotalPageFile size 47091M (AvailPageFile size 3M)
current process WorkingSet (physical memory assigned to process): 142M, peak: 142M
current process commit charge ("private bytes"): 388M, peak: 388M

vm_info: OpenJDK 64-Bit Server VM (18.0.1.1+2-6) for windows-amd64 JRE (18.0.1.1+2-6), built on Apr 25 2022 21:50:56 by "mach5one" with MS VC++ 16.8 / 16.9 (VS2019)

END.
